Loading data...
Processing 537 fires...

[1/537] fire-2003-0310: Vidauban - Massif des Maures (Les Mayons, Gonfaron, Le Cannet, La Garde-Freinet, Vidauban) (18437 ha)
  Altitude: 342 m
  Perimeter: 9 communes impactées
    - Cannet-des-Maures: partiellement brûlée
    - Collobrières: partiellement brûlée
    - Garde-Freinet: partiellement brûlée
    - Gonfaron: partiellement brûlée
    - Grimaud: partiellement brûlée
    - Luc: traversée
    - Mayons: fortement impactée
    - Pignans: partiellement brûlée
    - Vidauban: partiellement brûlée

[2/537] fire-1943-0006: Massif de l'Estérel - Massif de l'Estérel (13000 ha)
  Altitude: 482 m
  Perimeter: 5 communes impactées
    - Mandelieu-la-Napoule: partiellement brûlée
    - Adrets-de-l'Estérel: partiellement brûlée
    - Fréjus: fortement impactée
    - Saint-Raphaël: partiellement brûlée
    - Tanneron: partiellement brûlée

[3/537] fire-1877-0001: Massif des Maures - Massif des Maures (10000 ha)
  Altitude: 342 m
  Perimeter: 8 communes impactées
    - Cannet-des-Maures: partiellement brûlée
    - Collobrières: partiellement brûlée
    - Garde-Freinet: partiellement brûlée
    - Gonfaron: partiellement brûlée
    - Grimaud: traversée
    - Mayons: fortement impactée
    - Pignans: traversée
    - Vidauban: traversée

[4/537] fire-1918-0002: Saint-Raphaël - De Saint-Raphaël à Mandelieu (10000 ha)
  Altitude: 240 m
  Perimeter: 5 communes impactées
    - Cannes: partiellement brûlée
    - Mandelieu-la-Napoule: fortement impactée
    - Théoule-sur-Mer: partiellement brûlée
    - Fréjus: partiellement brûlée
    - Saint-Raphaël: partiellement brûlée

[5/537] fire-1921-0003: Massif de l'Estérel - Massif de l'Estérel (10000 ha)
  Altitude: 482 m
  Perimeter: 5 communes impactées
    - Mandelieu-la-Napoule: partiellement brûlée
    - Adrets-de-l'Estérel: partiellement brûlée
    - Fréjus: fortement impactée
    - Saint-Raphaël: partiellement brûlée
    - Tanneron: partiellement brûlée

[6/537] fire-1927-0005: Massif de l'Estérel - Massif de l'Estérel (10000 ha)
  Altitude: 482 m
  Perimeter: 5 communes impactées
    - Mandelieu-la-Napoule: partiellement brûlée
    - Adrets-de-l'Estérel: partiellement brûlée
    - Fréjus: fortement impactée
    - Saint-Raphaël: partiellement brûlée
    - Tanneron: partiellement brûlée

[7/537] fire-1990-0195: Collobrières - Massif des Maures (10000 ha)
  Altitude: 342 m
  Perimeter: 8 communes impactées
    - Cannet-des-Maures: partiellement brûlée
    - Collobrières: partiellement brûlée
    - Garde-Freinet: partiellement brûlée
    - Gonfaron: partiellement brûlée
    - Grimaud: traversée
    - Mayons: fortement impactée
    - Pignans: traversée
    - Vidauban: traversée

[8/537] fire-1986-0150: Massif de l'Estérel - Massif de l'Estérel (7000 ha)
  Altitude: 482 m
  Perimeter: 4 communes impactées
    - Adrets-de-l'Estérel: partiellement brûlée
    - Fréjus: partiellement brûlée
    - Saint-Raphaël: partiellement brûlée
    - Tanneron: partiellement brûlée

[9/537] fire-2021-0490: Gonfaron - Aire de repos A57, Massif des Maures (9 communes) (6832 ha)
  Altitude: 342 m
  Perimeter: 5 communes impactées
    - Cannet-des-Maures: partiellement brûlée
    - Collobrières: partiellement brûlée
    - Garde-Freinet: partiellement brûlée
    - Mayons: fortement impactée
    - Vidauban: traversée

[10/537] fire-1989-0178: La Garde-Freinet - Massif des Maures (6000 ha)
  Altitude: 342 m
  Perimeter: 4 communes impactées
    - Cannet-des-Maures: partiellement brûlée
    - Collobrières: partiellement brûlée
    - Garde-Freinet: partiellement brûlée
    - Mayons: fortement impactée

[11/537] fire-2003-0317: Collobrières - Collobrières (5403 ha)
  Altitude: 637 m
  Perimeter: 3 communes impactées
    - Bormes-les-Mimosas: traversée
    - Collobrières: partiellement brûlée
    - Londe-les-Maures: traversée

[12/537] fire-1979-0069: Collobrières - Massif des Maures (5000 ha)
  Altitude: 342 m
  Perimeter: 4 communes impactées
    - Cannet-des-Maures: partiellement brûlée
    - Collobrières: partiellement brûlée
    - Garde-Freinet: partiellement brûlée
    - Mayons: fortement impactée

[13/537] fire-2003-0314: Brignoles - Brignoles (4420 ha)
  Altitude: 219 m
  Perimeter: 6 communes impactées
    - Brignoles: fortement impactée
    - Camps-la-Source: traversée
    - Val: partiellement brûlée
    - Celle: partiellement brûlée
    - Garéoult: partiellement brûlée
    - Roquebrussanne: traversée

[14/537] fire-1854-0000: Massif des Maures - Massif des Maures (4000 ha)
  Altitude: 342 m
  Perimeter: 4 communes impactées
    - Cannet-des-Maures: traversée
    - Collobrières: partiellement brûlée
    - Garde-Freinet: partiellement brûlée
    - Mayons: fortement impactée

[15/537] fire-2003-0315: Le Lavandou - Le Lavandou (3903 ha)
  Altitude: 14 m
  Perimeter: 2 communes impactées
    - Bormes-les-Mimosas: partiellement brûlée
    - Lavandou: fortement impactée

[16/537] fire-1990-0196: Ramatuelle - Ramatuelle (3652 ha)
  Altitude: 61 m
  Perimeter: 3 communes impactées
    - Croix-Valmer: fortement impactée
    - Gassin: traversée
    - Ramatuelle: partiellement brûlée

[17/537] fire-2007-0358: Cogolin - Golfe de Saint-Tropez/Massif des Maures (3500 ha)
  Altitude: 342 m
  Perimeter: 4 communes impactées
    - Cannet-des-Maures: traversée
    - Collobrières: partiellement brûlée
    - Garde-Freinet: partiellement brûlée
    - Mayons: fortement impactée

[18/537] fire-1990-0191: Roquebrune-sur-Argens - Roquebrune-sur-Argens (3423 ha)
  Altitude: 13 m
  Perimeter: 3 communes impactées
    - Puget-sur-Argens: partiellement brûlée
    - Roquebrune-sur-Argens: partiellement brûlée
    - Muy: traversée

[19/537] fire-1990-0197: La Garde-Freinet - La Garde-Freinet (3263 ha)
  Altitude: 326 m
  Perimeter: 3 communes impactées
    - Cannet-des-Maures: traversée
    - Garde-Freinet: partiellement brûlée
    - Plan-de-la-Tour: traversée

[20/537] fire-1923-0004: Massif de l'Estérel - Massif de l'Estérel (3000 ha)
  Altitude: 482 m
  Perimeter: 3 communes impactées
    - Adrets-de-l'Estérel: partiellement brûlée
    - Fréjus: partiellement brûlée
    - Saint-Raphaël: traversée

[21/537] fire-1955-0008: Massif de l'Estérel - Massif de l'Estérel (3000 ha)
  Altitude: 482 m
  Perimeter: 3 communes impactées
    - Adrets-de-l'Estérel: partiellement brûlée
    - Fréjus: partiellement brûlée
    - Saint-Raphaël: traversée

[22/537] fire-2021-0496: La Môle - La Môle (2941 ha)
  Altitude: 36 m
  Perimeter: 4 communes impactées
    - Bormes-les-Mimosas: partiellement brûlée
    - Collobrières: traversée
    - Lavandou: partiellement brûlée
    - Môle: partiellement brûlée

[23/537] fire-1989-0175: Les Arcs - Les Arcs (2866 ha)
  Altitude: 83 m
  Perimeter: 5 communes impactées
    - Arcs: partiellement brûlée
    - Motte: traversée
    - Taradeau: partiellement brûlée
    - Trans-en-Provence: partiellement brûlée
    - Vidauban: traversée

[24/537] fire-1989-0174: Tanneron - Tanneron (2723 ha)
  Altitude: 374 m
  Perimeter: 5 communes impactées
    - Auribeau-sur-Siagne: partiellement brûlée
    - Grasse: traversée
    - Peymeinade: partiellement brûlée
    - Tignet: partiellement brûlée
    - Tanneron: partiellement brûlée

[25/537] fire-2021-0498: Le Luc - Le Luc (2543 ha)
  Altitude: 169 m
  Perimeter: 2 communes impactées
    - Cannet-des-Maures: partiellement brûlée
    - Luc: partiellement brûlée

[26/537] fire-1950-0007: Massif des Maures - Massif des Maures (2500 ha)
  Altitude: 342 m
  Perimeter: 4 communes impactées
    - Cannet-des-Maures: traversée
    - Collobrières: traversée
    - Garde-Freinet: traversée
    - Mayons: fortement impactée

[27/537] fire-1982-0101: Aiguines - Gorges du Verdon (2500 ha)
  Altitude: 475 m
  Perimeter: 4 communes impactées
    - Sainte-Croix-du-Verdon: partiellement brûlée
    - Baudinard-sur-Verdon: partiellement brûlée
    - Bauduen: fortement impactée
    - Salles-sur-Verdon: partiellement brûlée

[28/537] fire-2000-0280: Fréjus - Massif de l'Estérel (2500 ha)
  Altitude: 482 m
  Perimeter: 3 communes impactées
    - Adrets-de-l'Estérel: partiellement brûlée
    - Fréjus: partiellement brûlée
    - Saint-Raphaël: traversée

[29/537] fire-2021-0489: Fréjus - Fréjus (2452 ha)
  Altitude: 10 m
  Perimeter: 2 communes impactées
    - Fréjus: partiellement brûlée
    - Roquebrune-sur-Argens: traversée

[30/537] fire-1965-0012: Bormes-les-Mimosas - Massif des Maures (2200 ha)
  Altitude: 342 m
  Perimeter: 4 communes impactées
    - Cannet-des-Maures: traversée
    - Collobrières: traversée
    - Garde-Freinet: traversée
    - Mayons: fortement impactée

[31/537] fire-1986-0146: Signes - Signes (2096 ha)
  Altitude: 334 m
  Perimeter: 1 communes impactées
    - Signes: partiellement brûlée

[32/537] fire-1979-0070: Flassans-sur-Issole - Flassans-sur-Issole (2036 ha)
  Altitude: 229 m
  Perimeter: 3 communes impactées
    - Besse-sur-Issole: partiellement brûlée
    - Cabasse: traversée
    - Flassans-sur-Issole: partiellement brûlée

[33/537] fire-1979-0076: Lorgues - Lorgues (2033 ha)
  Altitude: 191 m
  Perimeter: 2 communes impactées
    - Flayosc: partiellement brûlée
    - Lorgues: partiellement brûlée

[34/537] fire-1960-0010: Grimaud - Massif des Maures (2000 ha)
  Altitude: 342 m
  Perimeter: 4 communes impactées
    - Cannet-des-Maures: traversée
    - Collobrières: traversée
    - Garde-Freinet: traversée
    - Mayons: fortement impactée

[35/537] fire-1962-0011: Fréjus - Massif de l'Estérel (1800 ha)
  Altitude: 482 m
  Perimeter: 3 communes impactées
    - Adrets-de-l'Estérel: partiellement brûlée
    - Fréjus: partiellement brûlée
    - Saint-Raphaël: traversée

[36/537] fire-2005-0336: Gréoux-les-Bains - Plateau de Valensole (1800 ha)
  Altitude: 366 m
  Perimeter: 1 communes impactées
    - Gréoux-les-Bains: partiellement brûlée

[37/537] fire-2017-0450: La Londe-les-Maures - Massif des Maures (1800 ha)
  Altitude: 342 m
  Perimeter: 4 communes impactées
    - Cannet-des-Maures: traversée
    - Collobrières: traversée
    - Garde-Freinet: traversée
    - Mayons: fortement impactée

[38/537] fire-1986-0138: Brignoles - Brignoles (1788 ha)
  Altitude: 219 m
  Perimeter: 3 communes impactées
    - Brignoles: partiellement brûlée
    - Val: traversée
    - Celle: partiellement brûlée

[39/537] fire-2017-0455: Les Arcs - Les Arcs (1751 ha)
  Altitude: 83 m
  Perimeter: 3 communes impactées
    - Arcs: partiellement brûlée
    - Taradeau: partiellement brûlée
    - Trans-en-Provence: partiellement brûlée

[40/537] fire-1958-0009: Collobrières - Massif des Maures (1500 ha)
  Altitude: 342 m
  Perimeter: 4 communes impactées
    - Cannet-des-Maures: traversée
    - Collobrières: traversée
    - Garde-Freinet: traversée
    - Mayons: partiellement brûlée

[41/537] fire-1967-0013: Saint-Raphaël - Massif de l'Estérel (1500 ha)
  Altitude: 482 m
  Perimeter: 3 communes impactées
    - Adrets-de-l'Estérel: traversée
    - Fréjus: partiellement brûlée
    - Saint-Raphaël: traversée

[42/537] fire-2003-0311: Moustiers-Sainte-Marie - Plateau de Valensole/Gorges du Verdon (1500 ha)
  COORD WARNING: (43.737000, 6.172000) in Var but commune Moustiers-Sainte-Marie is in Alpes-de-Haute-Provence
  Altitude: 475 m
  Perimeter: 4 communes impactées
    - Sainte-Croix-du-Verdon: traversée
    - Baudinard-sur-Verdon: partiellement brûlée
    - Bauduen: partiellement brûlée
    - Salles-sur-Verdon: traversée

[43/537] fire-2003-0318: Esparron-de-Verdon - Esparron-de-Verdon (1385 ha)
  Altitude: 418 m
  Perimeter: 3 communes impactées
    - Esparron-de-Verdon: partiellement brûlée
    - Saint-Martin-de-Brômes: traversée
    - Saint-Julien: traversée

[44/537] fire-2022-0511: Plan-de-la-Tour - Plan-de-la-Tour (1372 ha)
  Altitude: 76 m
  Perimeter: 3 communes impactées
    - Garde-Freinet: traversée
    - Plan-de-la-Tour: partiellement brûlée
    - Sainte-Maxime: traversée

[45/537] fire-1979-0074: Le Cannet-des-Maures - Le Cannet-des-Maures (1333 ha)
  Altitude: 82 m
  Perimeter: 2 communes impactées
    - Cannet-des-Maures: partiellement brûlée
    - Vidauban: traversée

[46/537] fire-2007-0364: Gonfaron - Gonfaron (1316 ha)
  Altitude: 187 m
  Perimeter: 2 communes impactées
    - Gonfaron: partiellement brûlée
    - Pignans: traversée

[47/537] fire-1989-0185: Sainte-Maxime - Sainte-Maxime (1247 ha)
  Altitude: 7 m
  Perimeter: 2 communes impactées
    - Grimaud: traversée
    - Sainte-Maxime: partiellement brûlée

[48/537] fire-1986-0147: La Londe-les-Maures - La Londe-les-Maures (1234 ha)
  Altitude: 3 m
  Perimeter: 2 communes impactées
    - Bormes-les-Mimosas: traversée
    - Londe-les-Maures: partiellement brûlée

[49/537] fire-1982-0100: Bormes-les-Mimosas - Bormes-les-Mimosas (1212 ha)
  Altitude: 170 m
  Perimeter: 1 communes impactées
    - Bormes-les-Mimosas: partiellement brûlée

[50/537] fire-1971-0015: La Garde-Freinet - Massif des Maures (1200 ha)
  Altitude: 342 m
  Perimeter: 4 communes impactées
    - Cannet-des-Maures: traversée
    - Collobrières: traversée
    - Garde-Freinet: traversée
    - Mayons: partiellement brûlée

[51/537] fire-1985-0135: Roquebrune-sur-Argens - Roquebrune-sur-Argens (1200 ha)
  Altitude: 13 m
  Perimeter: 1 communes impactées
    - Roquebrune-sur-Argens: partiellement brûlée

[52/537] fire-2022-0501: Tanneron - Massif du Tanneron (1200 ha)
  Altitude: 416 m
  Perimeter: 2 communes impactées
    - Adrets-de-l'Estérel: traversée
    - Tanneron: partiellement brûlée

[53/537] fire-2007-0359: Le Cannet-des-Maures - Le Cannet-des-Maures (1191 ha)
  Altitude: 82 m
  Perimeter: 2 communes impactées
    - Cannet-des-Maures: partiellement brûlée
    - Vidauban: traversée

[54/537] fire-1983-0112: Signes - Signes (1098 ha)
  Altitude: 334 m
  Perimeter: 1 communes impactées
    - Signes: partiellement brûlée

[55/537] fire-2005-0340: Pierrevert - Pierrevert (1089 ha)
  Altitude: 425 m
  Perimeter: 3 communes impactées
    - Sainte-Tulle: traversée
    - Manosque: traversée
    - Pierrevert: partiellement brûlée

[56/537] fire-2000-0281: Vidauban - Vidauban (1077 ha)
  Altitude: 63 m
  Perimeter: 3 communes impactées
    - Arcs: traversée
    - Taradeau: partiellement brûlée
    - Vidauban: partiellement brûlée

[57/537] fire-2009-0379: Quinson - Basses Gorges du Verdon (900 ha)
  COORD WARNING: (43.737000, 6.172000) in Var but commune Quinson is in Alpes-de-Haute-Provence
  Altitude: 475 m
  Perimeter: 3 communes impactées
    - Baudinard-sur-Verdon: traversée
    - Bauduen: partiellement brûlée
    - Salles-sur-Verdon: traversée

[58/537] fire-1975-0040: Puget-sur-Argens - Puget-sur-Argens (887 ha)
  Altitude: 31 m
  Perimeter: 3 communes impactées
    - Fréjus: traversée
    - Puget-sur-Argens: partiellement brûlée
    - Roquebrune-sur-Argens: traversée

[59/537] fire-2020-0482: Rians - Rians (875 ha)
  Altitude: 384 m
  Perimeter: 1 communes impactées
    - Rians: partiellement brûlée

[60/537] fire-2003-0302: Rians - Rians (852 ha)
  Altitude: 384 m
  Perimeter: 1 communes impactées
    - Rians: partiellement brûlée

[61/537] fire-2003-0323: Collobrières - Collobrières (847 ha)
  Altitude: 637 m
  Perimeter: 2 communes impactées
    - Bormes-les-Mimosas: traversée
    - Collobrières: partiellement brûlée

[62/537] fire-2003-0321: Le Castellet - Le Castellet (842 ha)
  Altitude: 402 m
  Perimeter: 3 communes impactées
    - Castellet: partiellement brûlée
    - Signes: traversée
    - Cuges-les-Pins: partiellement brûlée

[63/537] fire-2007-0361: Les Mayons - Les Mayons (828 ha)
  Altitude: 147 m
  Perimeter: 2 communes impactées
    - Cannet-des-Maures: traversée
    - Mayons: partiellement brûlée

[64/537] fire-2009-0380: Fayence - Fayence (817 ha)
  Altitude: 299 m
  Perimeter: 2 communes impactées
    - Fayence: partiellement brûlée
    - Tourrettes: partiellement brûlée

[65/537] fire-1984-0125: Comps-sur-Artuby - Comps-sur-Artuby (808 ha)
  Altitude: 900 m
  Perimeter: 1 communes impactées
    - Comps-sur-Artuby: partiellement brûlée

[66/537] fire-1972-0016: Le Muy - Massif des Maures (800 ha)
  Altitude: 342 m
  Perimeter: 3 communes impactées
    - Cannet-des-Maures: traversée
    - Collobrières: traversée
    - Mayons: partiellement brûlée

[67/537] fire-1984-0126: Pignans - Pignans (800 ha)
  Altitude: 170 m
  Perimeter: 2 communes impactées
    - Carnoules: traversée
    - Pignans: partiellement brûlée

[68/537] fire-2010-0389: Saint-Raphaël - Saint-Raphaël (799 ha)
  Altitude: 0 m
  Perimeter: 2 communes impactées
    - Fréjus: traversée
    - Saint-Raphaël: traversée

[69/537] fire-1983-0116: Saint-Raphaël - Saint-Raphaël (797 ha)
  Altitude: 0 m
  Perimeter: 2 communes impactées
    - Fréjus: traversée
    - Saint-Raphaël: traversée

[70/537] fire-2014-0418: Collobrières - Collobrières (760 ha)
  Altitude: 637 m
  Perimeter: 2 communes impactées
    - Bormes-les-Mimosas: traversée
    - Collobrières: partiellement brûlée

[71/537] fire-2025-0529: Les Pennes-Mirabeau (proche Var) - 16e arrondissement de Marseille (750 ha)
  Altitude: 198 m
  Perimeter: 3 communes impactées
    - Marseille: partiellement brûlée
    - Rove: traversée
    - Pennes-Mirabeau: traversée

[72/537] fire-1994-0228: Plan-de-la-Tour - Plan-de-la-Tour (741 ha)
  Altitude: 76 m
  Perimeter: 1 communes impactées
    - Plan-de-la-Tour: partiellement brûlée

[73/537] fire-1993-0225: Le Luc - Le Luc (733 ha)
  Altitude: 169 m
  Perimeter: 2 communes impactées
    - Cannet-des-Maures: traversée
    - Luc: partiellement brûlée

[74/537] fire-1977-0054: Ramatuelle - Ramatuelle (730 ha)
  Altitude: 61 m
  Perimeter: 2 communes impactées
    - Croix-Valmer: partiellement brûlée
    - Ramatuelle: traversée

[75/537] fire-1980-0081: Brignoles - Brignoles (726 ha)
  Altitude: 219 m
  Perimeter: 2 communes impactées
    - Brignoles: partiellement brûlée
    - Celle: traversée

[76/537] fire-2005-0343: Le Luc - Le Luc (722 ha)
  Altitude: 169 m
  Perimeter: 2 communes impactées
    - Cannet-des-Maures: traversée
    - Luc: partiellement brûlée

[77/537] fire-1999-0269: Rians - Rians (715 ha)
  Altitude: 384 m
  Perimeter: 1 communes impactées
    - Rians: partiellement brûlée

[78/537] fire-1982-0107: Pignans - Pignans (708 ha)
  Altitude: 170 m
  Perimeter: 2 communes impactées
    - Carnoules: traversée
    - Pignans: partiellement brûlée

[79/537] fire-1974-0034: Vidauban - Vidauban (707 ha)
  Altitude: 63 m
  Perimeter: 3 communes impactées
    - Arcs: traversée
    - Taradeau: partiellement brûlée
    - Vidauban: partiellement brûlée

[80/537] fire-1978-0058: Cogolin - Cogolin (694 ha)
  Altitude: 13 m
  Perimeter: 2 communes impactées
    - Cogolin: partiellement brûlée
    - Grimaud: traversée

[81/537] fire-2015-0424: Bormes-les-Mimosas - Bormes-les-Mimosas (693 ha)
  Altitude: 170 m
  Perimeter: 1 communes impactées
    - Bormes-les-Mimosas: partiellement brûlée

[82/537] fire-1987-0162: La Londe-les-Maures - La Londe-les-Maures (692 ha)
  Altitude: 3 m
  Perimeter: 2 communes impactées
    - Bormes-les-Mimosas: traversée
    - Londe-les-Maures: partiellement brûlée

[83/537] fire-2017-0446: Plan-de-la-Tour - Plan-de-la-Tour (692 ha)
  Altitude: 76 m
  Perimeter: 1 communes impactées
    - Plan-de-la-Tour: partiellement brûlée

[84/537] fire-2020-0476: Comps-sur-Artuby - Comps-sur-Artuby (674 ha)
  Altitude: 900 m
  Perimeter: 1 communes impactées
    - Comps-sur-Artuby: partiellement brûlée

[85/537] fire-1973-0025: Collobrières - Collobrières (672 ha)
  Altitude: 637 m
  Perimeter: 2 communes impactées
    - Bormes-les-Mimosas: traversée
    - Collobrières: partiellement brûlée

[86/537] fire-2023-0518: Le Castellet - Le Castellet (667 ha)
  Altitude: 402 m
  Perimeter: 3 communes impactées
    - Castellet: partiellement brûlée
    - Signes: traversée
    - Cuges-les-Pins: traversée

[87/537] fire-2011-0394: Les Arcs - Les Arcs (662 ha)
  Altitude: 83 m
  Perimeter: 1 communes impactées
    - Arcs: partiellement brûlée

[88/537] fire-2012-0401: Le Luc - Le Luc (650 ha)
  Altitude: 169 m
  Perimeter: 2 communes impactées
    - Cannet-des-Maures: traversée
    - Luc: partiellement brûlée

[89/537] fire-2002-0296: Bormes-les-Mimosas - Bormes-les-Mimosas (647 ha)
  Altitude: 170 m
  Perimeter: 1 communes impactées
    - Bormes-les-Mimosas: partiellement brûlée

[90/537] fire-2019-0474: Draguignan - Draguignan (645 ha)
  Altitude: 183 m
  Perimeter: 1 communes impactées
    - Draguignan: partiellement brûlée

[91/537] fire-2004-0330: Comps-sur-Artuby - Comps-sur-Artuby (642 ha)
  Altitude: 900 m
  Perimeter: 1 communes impactées
    - Comps-sur-Artuby: partiellement brûlée

[92/537] fire-1995-0241: Hyères - Hyères (641 ha)
  Altitude: 21 m
  Perimeter: 1 communes impactées
    - Hyères: partiellement brûlée

[93/537] fire-2004-0332: Rians - Rians (634 ha)
  Altitude: 384 m
  Perimeter: 1 communes impactées
    - Rians: partiellement brûlée

[94/537] fire-1981-0088: Rians - Rians (631 ha)
  Altitude: 384 m
  Perimeter: 1 communes impactées
    - Rians: partiellement brûlée

[95/537] fire-1973-0019: Grimaud - Grimaud (626 ha)
  Altitude: 78 m
  Perimeter: 2 communes impactées
    - Cogolin: traversée
    - Grimaud: partiellement brûlée

[96/537] fire-2024-0524: Grimaud - Grimaud (624 ha)
  Altitude: 78 m
  Perimeter: 2 communes impactées
    - Cogolin: traversée
    - Grimaud: partiellement brûlée

[97/537] fire-1992-0214: Cogolin - Cogolin (616 ha)
  Altitude: 13 m
  Perimeter: 2 communes impactées
    - Cogolin: partiellement brûlée
    - Grimaud: traversée

[98/537] fire-1985-0136: Tanneron - Tanneron (614 ha)
  Altitude: 374 m
  Perimeter: 1 communes impactées
    - Tanneron: partiellement brûlée

[99/537] fire-2005-0337: La Môle - La Môle (611 ha)
  Altitude: 36 m
  Perimeter: 4 communes impactées
    - Bormes-les-Mimosas: partiellement brûlée
    - Collobrières: traversée
    - Lavandou: traversée
    - Môle: traversée

[100/537] fire-1995-0237: Roquebrune-sur-Argens - Roquebrune-sur-Argens (610 ha)
  Altitude: 13 m
  Perimeter: 1 communes impactées
    - Roquebrune-sur-Argens: partiellement brûlée

[101/537] fire-2008-0374: Flassans-sur-Issole - Flassans-sur-Issole (602 ha)
  Altitude: 229 m
  Perimeter: 2 communes impactées
    - Besse-sur-Issole: traversée
    - Flassans-sur-Issole: partiellement brûlée

[102/537] fire-1978-0065: La Garde-Freinet - La Garde-Freinet (601 ha)
  Altitude: 326 m
  Perimeter: 1 communes impactées
    - Garde-Freinet: partiellement brûlée

[103/537] fire-1986-0148: Tourves - Tourves (600 ha)
  Altitude: 286 m
  Perimeter: 1 communes impactées
    - Tourves: partiellement brûlée

[104/537] fire-2004-0328: Brignoles - Proximité de Brignoles (600 ha)
  Altitude: 222 m
  Perimeter: 2 communes impactées
    - Brignoles: partiellement brûlée
    - Val: traversée

[105/537] fire-2015-0429: Oraison - Vallée de la Durance (600 ha)
  Altitude: 369 m
  Perimeter: 1 communes impactées
    - Oraison: partiellement brûlée

[106/537] fire-2019-0469: Aups - Aups (594 ha)
  Altitude: 513 m
  Perimeter: 1 communes impactées
    - Aups: partiellement brûlée

[107/537] fire-2003-0322: Grimaud - Grimaud (585 ha)
  Altitude: 78 m
  Perimeter: 2 communes impactées
    - Cogolin: traversée
    - Grimaud: partiellement brûlée

[108/537] fire-2012-0402: Flassans-sur-Issole - Flassans-sur-Issole (585 ha)
  Altitude: 229 m
  Perimeter: 2 communes impactées
    - Besse-sur-Issole: traversée
    - Flassans-sur-Issole: partiellement brûlée

[109/537] fire-2015-0425: Lorgues - Lorgues (582 ha)
  Altitude: 191 m
  Perimeter: 1 communes impactées
    - Lorgues: partiellement brûlée

[110/537] fire-2000-0274: Le Luc - Le Luc (570 ha)
  Altitude: 169 m
  Perimeter: 2 communes impactées
    - Cannet-des-Maures: traversée
    - Luc: partiellement brûlée

[111/537] fire-2016-0439: Ramatuelle - Ramatuelle (570 ha)
  Altitude: 61 m
  Perimeter: 2 communes impactées
    - Croix-Valmer: partiellement brûlée
    - Ramatuelle: traversée

[112/537] fire-2005-0338: Signes - Signes (567 ha)
  Altitude: 334 m
  Perimeter: 1 communes impactées
    - Signes: partiellement brûlée

[113/537] fire-1997-0248: Le Cannet-des-Maures - Le Cannet-des-Maures (560 ha)
  Altitude: 82 m
  Perimeter: 2 communes impactées
    - Cannet-des-Maures: partiellement brûlée
    - Vidauban: traversée

[114/537] fire-1991-0208: Brignoles - Brignoles (558 ha)
  Altitude: 219 m
  Perimeter: 2 communes impactées
    - Brignoles: partiellement brûlée
    - Celle: traversée

[115/537] fire-2022-0507: Pierrefeu-du-Var - Pierrefeu-du-Var (557 ha)
  Altitude: 94 m
  Perimeter: 2 communes impactées
    - Crau: traversée
    - Pierrefeu-du-Var: partiellement brûlée

[116/537] fire-1975-0037: Aups - Aups (552 ha)
  Altitude: 513 m
  Perimeter: 1 communes impactées
    - Aups: partiellement brûlée

[117/537] fire-1997-0249: Les Adrets-de-l'Estérel - Les Adrets-de-l'Estérel (523 ha)
  Altitude: 306 m
  Perimeter: 2 communes impactées
    - Adrets-de-l'Estérel: partiellement brûlée
    - Fréjus: traversée

[118/537] fire-2003-0307: Le Muy - Le Muy (523 ha)
  Altitude: 40 m
  Perimeter: 1 communes impactées
    - Muy: partiellement brûlée

[119/537] fire-2011-0397: La Môle - La Môle (517 ha)
  Altitude: 36 m
  Perimeter: 3 communes impactées
    - Bormes-les-Mimosas: partiellement brûlée
    - Lavandou: traversée
    - Môle: traversée

[120/537] fire-1987-0158: La Môle - La Môle (516 ha)
  Altitude: 36 m
  Perimeter: 3 communes impactées
    - Bormes-les-Mimosas: partiellement brûlée
    - Lavandou: traversée
    - Môle: traversée

[121/537] fire-1975-0039: Flassans-sur-Issole - Flassans-sur-Issole (514 ha)
  Altitude: 229 m
  Perimeter: 2 communes impactées
    - Besse-sur-Issole: traversée
    - Flassans-sur-Issole: partiellement brûlée

[122/537] fire-2020-0483: Majastres - Majastres (512 ha)
  Altitude: 1149 m
  Perimeter: 2 communes impactées
    - Majastres: partiellement brûlée
    - Senez: traversée

[123/537] fire-2006-0349: Le Luc - Le Luc (509 ha)
  Altitude: 169 m
  Perimeter: 2 communes impactées
    - Cannet-des-Maures: traversée
    - Luc: partiellement brûlée

[124/537] fire-2010-0391: Hyères - Hyères (504 ha)
  Altitude: 21 m
  Perimeter: 1 communes impactées
    - Hyères: partiellement brûlée

[125/537] fire-2003-0312: Fayence - Fayence (502 ha)
  Altitude: 299 m
  Perimeter: 2 communes impactées
    - Fayence: partiellement brûlée
    - Tourrettes: traversée

[126/537] fire-2000-0277: Le Cannet-des-Maures - Le Cannet-des-Maures (501 ha)
  Altitude: 82 m
  Perimeter: 2 communes impactées
    - Cannet-des-Maures: partiellement brûlée
    - Vidauban: traversée

[127/537] fire-1970-0014: Tanneron - Massif du Tanneron (500 ha)
  Altitude: 416 m
  Perimeter: 1 communes impactées
    - Tanneron: partiellement brûlée

[128/537] fire-2017-0451: Roquebrune-sur-Argens - Roquebrune-sur-Argens (500 ha)
  Altitude: 13 m
  Perimeter: 1 communes impactées
    - Roquebrune-sur-Argens: partiellement brûlée

[129/537] fire-2009-0383: Flassans-sur-Issole - Flassans-sur-Issole (499 ha)
  Altitude: 229 m
  Perimeter: 2 communes impactées
    - Besse-sur-Issole: traversée
    - Flassans-sur-Issole: partiellement brûlée

[130/537] fire-2002-0295: Pignans - Pignans (497 ha)
  Altitude: 170 m
  Perimeter: 2 communes impactées
    - Carnoules: traversée
    - Pignans: partiellement brûlée

[131/537] fire-1996-0242: Bormes-les-Mimosas - Bormes-les-Mimosas (491 ha)
  Altitude: 170 m
  Perimeter: 1 communes impactées
    - Bormes-les-Mimosas: partiellement brûlée

[132/537] fire-2003-0305: La Garde-Freinet - La Garde-Freinet (488 ha)
  Altitude: 326 m
  Perimeter: 1 communes impactées
    - Garde-Freinet: partiellement brûlée

[133/537] fire-1988-0169: Ramatuelle - Ramatuelle (486 ha)
  Altitude: 61 m
  Perimeter: 2 communes impactées
    - Croix-Valmer: partiellement brûlée
    - Ramatuelle: traversée

[134/537] fire-1998-0263: Cogolin - Cogolin (486 ha)
  Altitude: 13 m
  Perimeter: 2 communes impactées
    - Cogolin: partiellement brûlée
    - Grimaud: traversée

[135/537] fire-2024-0527: Cuers - Cuers (486 ha)
  Altitude: 122 m
  Perimeter: 1 communes impactées
    - Cuers: partiellement brûlée

[136/537] fire-1998-0262: Vidauban - Vidauban (485 ha)
  Altitude: 63 m
  Perimeter: 3 communes impactées
    - Arcs: traversée
    - Taradeau: traversée
    - Vidauban: partiellement brûlée

[137/537] fire-2013-0411: Bargemon - Bargemon (482 ha)
  Altitude: 468 m
  Perimeter: 3 communes impactées
    - Bargemon: partiellement brûlée
    - Callas: traversée
    - Claviers: partiellement brûlée

[138/537] fire-2014-0423: Hyères - Hyères (482 ha)
  Altitude: 21 m
  Perimeter: 1 communes impactées
    - Hyères: partiellement brûlée

[139/537] fire-2017-0458: Sainte-Maxime - Sainte-Maxime (482 ha)
  Altitude: 7 m
  Perimeter: 1 communes impactées
    - Sainte-Maxime: partiellement brûlée

[140/537] fire-1992-0215: La Croix-Valmer - La Croix-Valmer (478 ha)
  Altitude: 103 m
  Perimeter: 2 communes impactées
    - Croix-Valmer: partiellement brûlée
    - Gassin: partiellement brûlée

[141/537] fire-2008-0372: Collobrières - Collobrières (472 ha)
  Altitude: 637 m
  Perimeter: 2 communes impactées
    - Bormes-les-Mimosas: traversée
    - Collobrières: partiellement brûlée

[142/537] fire-2017-0456: Rians - Rians (471 ha)
  Altitude: 384 m
  Perimeter: 1 communes impactées
    - Rians: partiellement brûlée

[143/537] fire-2019-0468: Comps-sur-Artuby - Comps-sur-Artuby (471 ha)
  Altitude: 900 m
  Perimeter: 1 communes impactées
    - Comps-sur-Artuby: partiellement brûlée

[144/537] fire-1984-0121: Roquebrune-sur-Argens - Roquebrune-sur-Argens (464 ha)
  Altitude: 13 m
  Perimeter: 1 communes impactées
    - Roquebrune-sur-Argens: partiellement brûlée

[145/537] fire-2003-0303: Collobrières - Collobrières (459 ha)
  Altitude: 637 m
  Perimeter: 2 communes impactées
    - Bormes-les-Mimosas: traversée
    - Collobrières: partiellement brûlée

[146/537] fire-2009-0375: Bargemon - Bargemon (459 ha)
  Altitude: 468 m
  Perimeter: 3 communes impactées
    - Bargemon: partiellement brûlée
    - Callas: traversée
    - Claviers: partiellement brûlée

[147/537] fire-1978-0062: Rians - Rians (456 ha)
  Altitude: 384 m
  Perimeter: 1 communes impactées
    - Rians: partiellement brûlée

[148/537] fire-1998-0257: Cuers - Cuers (455 ha)
  Altitude: 122 m
  Perimeter: 1 communes impactées
    - Cuers: partiellement brûlée

[149/537] fire-2020-0480: Bormes-les-Mimosas - Bormes-les-Mimosas (452 ha)
  Altitude: 170 m
  Perimeter: 1 communes impactées
    - Bormes-les-Mimosas: partiellement brûlée

[150/537] fire-2009-0385: Riez - Riez (451 ha)
  Altitude: 530 m
  Perimeter: 1 communes impactées
    - Riez: partiellement brûlée

[151/537] fire-2018-0464: Gonfaron - Gonfaron (451 ha)
  Altitude: 187 m
  Perimeter: 2 communes impactées
    - Gonfaron: partiellement brûlée
    - Pignans: traversée

[152/537] fire-2023-0520: Aiguines - Aiguines (451 ha)
  DEPT MISMATCH (commune): Alpes-de-Haute-Provence -> Var (commune Aiguines is in dept 83)
  Altitude: 1160 m
  Perimeter: 3 communes impactées
    - Palud-sur-Verdon: traversée
    - Moustiers-Sainte-Marie: partiellement brûlée
    - Aiguines: traversée

[153/537] fire-1976-0051: Saint-Raphaël - Saint-Raphaël (450 ha)
  Altitude: 0 m
  Perimeter: 2 communes impactées
    - Fréjus: traversée
    - Saint-Raphaël: traversée

[154/537] fire-2006-0351: La Croix-Valmer - La Croix-Valmer (450 ha)
  Altitude: 103 m
  Perimeter: 2 communes impactées
    - Croix-Valmer: partiellement brûlée
    - Gassin: partiellement brûlée

[155/537] fire-2014-0420: Sisteron - Sisteron (447 ha)
  Altitude: 483 m
  Perimeter: 1 communes impactées
    - Sisteron: partiellement brûlée

[156/537] fire-2006-0347: Le Castellet - Le Castellet (446 ha)
  Altitude: 402 m
  Perimeter: 3 communes impactées
    - Castellet: partiellement brûlée
    - Signes: traversée
    - Cuges-les-Pins: traversée

[157/537] fire-2005-0342: Le Cannet-des-Maures - Le Cannet-des-Maures (445 ha)
  Altitude: 82 m
  Perimeter: 2 communes impactées
    - Cannet-des-Maures: partiellement brûlée
    - Vidauban: traversée

[158/537] fire-1994-0233: Cuers - Cuers (444 ha)
  Altitude: 122 m
  Perimeter: 1 communes impactées
    - Cuers: partiellement brûlée

[159/537] fire-1978-0066: Brignoles - Brignoles (439 ha)
  Altitude: 219 m
  Perimeter: 1 communes impactées
    - Brignoles: partiellement brûlée

[160/537] fire-1983-0114: Le Luc - Le Luc (439 ha)
  Altitude: 169 m
  Perimeter: 2 communes impactées
    - Cannet-des-Maures: traversée
    - Luc: partiellement brûlée

[161/537] fire-1983-0117: Le Lavandou - Le Lavandou (437 ha)
  Altitude: 14 m
  Perimeter: 2 communes impactées
    - Bormes-les-Mimosas: traversée
    - Lavandou: partiellement brûlée

[162/537] fire-2013-0414: Tourves - Tourves (435 ha)
  Altitude: 286 m
  Perimeter: 1 communes impactées
    - Tourves: partiellement brûlée

[163/537] fire-1999-0267: Draguignan - Draguignan (434 ha)
  Altitude: 183 m
  Perimeter: 1 communes impactées
    - Draguignan: partiellement brûlée

[164/537] fire-1985-0131: Callas - Callas (432 ha)
  Altitude: 300 m
  Perimeter: 2 communes impactées
    - Callas: partiellement brûlée
    - Claviers: traversée

[165/537] fire-1981-0092: Collobrières - Collobrières (429 ha)
  Altitude: 637 m
  Perimeter: 2 communes impactées
    - Bormes-les-Mimosas: traversée
    - Collobrières: partiellement brûlée

[166/537] fire-1999-0270: Le Muy - Le Muy (424 ha)
  Altitude: 40 m
  Perimeter: 1 communes impactées
    - Muy: partiellement brûlée

[167/537] fire-2005-0345: Oraison - Oraison (424 ha)
  Altitude: 364 m
  Perimeter: 1 communes impactées
    - Oraison: partiellement brûlée

[168/537] fire-2001-0292: Comps-sur-Artuby - Comps-sur-Artuby (423 ha)
  Altitude: 900 m
  Perimeter: 1 communes impactées
    - Comps-sur-Artuby: partiellement brûlée

[169/537] fire-2003-0320: Allemagne-en-Provence - Allemagne-en-Provence (423 ha)
  Altitude: 428 m
  Perimeter: 2 communes impactées
    - Allemagne-en-Provence: partiellement brûlée
    - Saint-Martin-de-Brômes: traversée

[170/537] fire-1997-0255: Ramatuelle - Ramatuelle (422 ha)
  Altitude: 61 m
  Perimeter: 2 communes impactées
    - Croix-Valmer: partiellement brûlée
    - Ramatuelle: traversée

[171/537] fire-2019-0473: Forcalquier - Forcalquier (422 ha)
  Altitude: 561 m
  Perimeter: 2 communes impactées
    - Mane: traversée
    - Forcalquier: partiellement brûlée

[172/537] fire-2025-0534: Collobrières - Massif des Maures (420 ha)
  Altitude: 342 m
  Perimeter: 2 communes impactées
    - Cannet-des-Maures: traversée
    - Mayons: partiellement brûlée

[173/537] fire-1997-0256: Barrême - Barrême (419 ha)
  Altitude: 729 m
  Perimeter: 2 communes impactées
    - Barrême: partiellement brûlée
    - Saint-Jacques: traversée

[174/537] fire-1988-0166: La Môle - La Môle (416 ha)
  Altitude: 36 m
  Perimeter: 3 communes impactées
    - Bormes-les-Mimosas: partiellement brûlée
    - Lavandou: traversée
    - Môle: traversée

[175/537] fire-2022-0502: Pignans - Pignans (415 ha)
  Altitude: 170 m
  Perimeter: 2 communes impactées
    - Carnoules: traversée
    - Pignans: partiellement brûlée

[176/537] fire-1983-0108: Le Luc - Le Luc (411 ha)
  Altitude: 169 m
  Perimeter: 2 communes impactées
    - Cannet-des-Maures: traversée
    - Luc: partiellement brûlée

[177/537] fire-1985-0132: Aups - Aups (411 ha)
  Altitude: 513 m
  Perimeter: 1 communes impactées
    - Aups: partiellement brûlée

[178/537] fire-1996-0244: Tourves - Tourves (409 ha)
  Altitude: 286 m
  Perimeter: 1 communes impactées
    - Tourves: partiellement brûlée

[179/537] fire-2016-0434: Barrême - Barrême (408 ha)
  Altitude: 729 m
  Perimeter: 2 communes impactées
    - Barrême: partiellement brûlée
    - Saint-Jacques: traversée

[180/537] fire-1987-0159: Les Mées - Les Mées (407 ha)
  Altitude: 413 m
  Perimeter: 1 communes impactées
    - Mées: partiellement brûlée

[181/537] fire-2021-0486: Barrême - Barrême (406 ha)
  Altitude: 729 m
  Perimeter: 2 communes impactées
    - Barrême: partiellement brûlée
    - Saint-Jacques: traversée

[182/537] fire-2012-0405: Tanneron - Tanneron (405 ha)
  Altitude: 374 m
  Perimeter: 1 communes impactées
    - Tanneron: partiellement brûlée

[183/537] fire-1987-0160: Montauroux - Montauroux (404 ha)
  Altitude: 206 m
  Perimeter: 1 communes impactées
    - Montauroux: partiellement brûlée

[184/537] fire-1980-0082: Blieux - Blieux (400 ha)
  Altitude: 946 m
  Perimeter: 1 communes impactées
    - Blieux: partiellement brûlée

[185/537] fire-1998-0259: Valensole - Valensole (400 ha)
  Altitude: 559 m
  Perimeter: 1 communes impactées
    - Valensole: partiellement brûlée

[186/537] fire-2008-0373: Majastres - Majastres (400 ha)
  Altitude: 1149 m
  Perimeter: 2 communes impactées
    - Majastres: partiellement brûlée
    - Senez: traversée

[187/537] fire-2013-0409: La Palud-sur-Verdon - Gorges du Verdon (400 ha)
  COORD WARNING: (43.737000, 6.172000) in Var but commune La Palud-sur-Verdon is in Alpes-de-Haute-Provence
  Altitude: 475 m
  Perimeter: 1 communes impactées
    - Bauduen: partiellement brûlée

[188/537] fire-2022-0506: Sisteron - Massif de la Baume (400 ha)
  Altitude: 487 m
  Perimeter: 1 communes impactées
    - Sisteron: partiellement brûlée

[189/537] fire-1997-0247: Flassans-sur-Issole - Flassans-sur-Issole (399 ha)
  Altitude: 229 m
  Perimeter: 2 communes impactées
    - Besse-sur-Issole: traversée
    - Flassans-sur-Issole: partiellement brûlée

[190/537] fire-2003-0304: Bormes-les-Mimosas - Bormes-les-Mimosas (399 ha)
  Altitude: 170 m
  Perimeter: 1 communes impactées
    - Bormes-les-Mimosas: partiellement brûlée

[191/537] fire-1991-0207: Fréjus - Fréjus (394 ha)
  Altitude: 10 m
  Perimeter: 1 communes impactées
    - Fréjus: partiellement brûlée

[192/537] fire-1993-0221: Draguignan - Draguignan (394 ha)
  Altitude: 183 m
  Perimeter: 1 communes impactées
    - Draguignan: partiellement brûlée

[193/537] fire-1983-0113: Vidauban - Vidauban (388 ha)
  Altitude: 63 m
  Perimeter: 3 communes impactées
    - Arcs: traversée
    - Taradeau: traversée
    - Vidauban: partiellement brûlée

[194/537] fire-1984-0122: Rians - Rians (386 ha)
  Altitude: 384 m
  Perimeter: 1 communes impactées
    - Rians: partiellement brûlée

[195/537] fire-2001-0288: Sainte-Maxime - Sainte-Maxime (386 ha)
  Altitude: 7 m
  Perimeter: 1 communes impactées
    - Sainte-Maxime: partiellement brûlée

[196/537] fire-2013-0408: Vidauban - Vidauban (386 ha)
  Altitude: 63 m
  Perimeter: 3 communes impactées
    - Arcs: traversée
    - Taradeau: traversée
    - Vidauban: partiellement brûlée

[197/537] fire-1993-0222: Esparron-de-Verdon - Esparron-de-Verdon (384 ha)
  Altitude: 418 m
  Perimeter: 1 communes impactées
    - Esparron-de-Verdon: partiellement brûlée

[198/537] fire-1981-0091: Majastres - Majastres (383 ha)
  Altitude: 1149 m
  Perimeter: 2 communes impactées
    - Majastres: partiellement brûlée
    - Senez: traversée

[199/537] fire-2009-0378: Flassans-sur-Issole - Flassans-sur-Issole (383 ha)
  Altitude: 229 m
  Perimeter: 2 communes impactées
    - Besse-sur-Issole: traversée
    - Flassans-sur-Issole: partiellement brûlée

[200/537] fire-2023-0519: Fayence - Fayence (383 ha)
  Altitude: 299 m
  Perimeter: 2 communes impactées
    - Fayence: partiellement brûlée
    - Tourrettes: traversée

[201/537] fire-1985-0137: Sisteron - Sisteron (381 ha)
  Altitude: 483 m
  Perimeter: 1 communes impactées
    - Sisteron: partiellement brûlée

[202/537] fire-2023-0522: Bormes-les-Mimosas - Bormes-les-Mimosas (381 ha)
  Altitude: 170 m
  Perimeter: 1 communes impactées
    - Bormes-les-Mimosas: partiellement brûlée

[203/537] fire-2005-0341: Peyruis - Peyruis (379 ha)
  Altitude: 403 m
  Perimeter: 1 communes impactées
    - Peyruis: partiellement brûlée

[204/537] fire-2009-0376: Barrême - Barrême (379 ha)
  Altitude: 729 m
  Perimeter: 2 communes impactées
    - Barrême: partiellement brûlée
    - Saint-Jacques: traversée

[205/537] fire-1994-0230: Les Mées - Les Mées (378 ha)
  Altitude: 413 m
  Perimeter: 1 communes impactées
    - Mées: partiellement brûlée

[206/537] fire-2020-0481: Aups - Aups (375 ha)
  Altitude: 513 m
  Perimeter: 1 communes impactées
    - Aups: partiellement brûlée

[207/537] fire-1997-0251: Fréjus - Fréjus (374 ha)
  Altitude: 10 m
  Perimeter: 1 communes impactées
    - Fréjus: partiellement brûlée

[208/537] fire-2001-0287: Lorgues - Lorgues (369 ha)
  Altitude: 191 m
  Perimeter: 1 communes impactées
    - Lorgues: partiellement brûlée

[209/537] fire-1991-0211: Riez - Riez (367 ha)
  Altitude: 530 m
  Perimeter: 1 communes impactées
    - Riez: partiellement brûlée

[210/537] fire-1986-0154: Bormes-les-Mimosas - Bormes-les-Mimosas (365 ha)
  Altitude: 170 m
  Perimeter: 1 communes impactées
    - Bormes-les-Mimosas: partiellement brûlée

[211/537] fire-2022-0500: Pignans - Pignans (365 ha)
  Altitude: 170 m
  Perimeter: 2 communes impactées
    - Carnoules: traversée
    - Pignans: partiellement brûlée

[212/537] fire-1986-0141: Pierrefeu-du-Var - Pierrefeu-du-Var (364 ha)
  Altitude: 94 m
  Perimeter: 2 communes impactées
    - Crau: traversée
    - Pierrefeu-du-Var: partiellement brûlée

[213/537] fire-1975-0045: Peyruis - Peyruis (363 ha)
  Altitude: 403 m
  Perimeter: 1 communes impactées
    - Peyruis: partiellement brûlée

[214/537] fire-1987-0156: Brignoles - Brignoles (363 ha)
  Altitude: 219 m
  Perimeter: 1 communes impactées
    - Brignoles: partiellement brûlée

[215/537] fire-2001-0285: Bormes-les-Mimosas - Bormes-les-Mimosas (363 ha)
  Altitude: 170 m
  Perimeter: 1 communes impactées
    - Bormes-les-Mimosas: partiellement brûlée

[216/537] fire-1998-0264: Bargemon - Bargemon (360 ha)
  Altitude: 468 m
  Perimeter: 2 communes impactées
    - Bargemon: partiellement brûlée
    - Claviers: traversée

[217/537] fire-1989-0181: Majastres - Majastres (359 ha)
  Altitude: 1149 m
  Perimeter: 2 communes impactées
    - Majastres: partiellement brûlée
    - Senez: traversée

[218/537] fire-1990-0190: Blieux - Blieux (359 ha)
  Altitude: 946 m
  Perimeter: 1 communes impactées
    - Blieux: partiellement brûlée

[219/537] fire-1974-0032: Puget-sur-Argens - Puget-sur-Argens (358 ha)
  Altitude: 31 m
  Perimeter: 1 communes impactées
    - Puget-sur-Argens: partiellement brûlée

[220/537] fire-1994-0234: Bormes-les-Mimosas - Bormes-les-Mimosas (358 ha)
  Altitude: 170 m
  Perimeter: 1 communes impactées
    - Bormes-les-Mimosas: partiellement brûlée

[221/537] fire-1990-0187: Ramatuelle - Ramatuelle (357 ha)
  Altitude: 61 m
  Perimeter: 2 communes impactées
    - Croix-Valmer: partiellement brûlée
    - Ramatuelle: traversée

[222/537] fire-2003-0316: Allemagne-en-Provence - Allemagne-en-Provence (356 ha)
  Altitude: 428 m
  Perimeter: 2 communes impactées
    - Allemagne-en-Provence: partiellement brûlée
    - Saint-Martin-de-Brômes: traversée

[223/537] fire-1981-0087: Comps-sur-Artuby - Comps-sur-Artuby (355 ha)
  Altitude: 900 m
  Perimeter: 1 communes impactées
    - Comps-sur-Artuby: partiellement brûlée

[224/537] fire-1991-0213: Fréjus - Fréjus (354 ha)
  Altitude: 10 m
  Perimeter: 1 communes impactées
    - Fréjus: partiellement brûlée

[225/537] fire-1991-0206: Le Cannet-des-Maures - Le Cannet-des-Maures (353 ha)
  Altitude: 82 m
  Perimeter: 2 communes impactées
    - Cannet-des-Maures: partiellement brûlée
    - Vidauban: traversée

[226/537] fire-2003-0324: Villeneuve - Villeneuve (352 ha)
  Altitude: 423 m
  Perimeter: 2 communes impactées
    - Villeneuve: partiellement brûlée
    - Volx: traversée

[227/537] fire-2016-0435: Lorgues - Lorgues (352 ha)
  Altitude: 191 m
  Perimeter: 1 communes impactées
    - Lorgues: partiellement brûlée

[228/537] fire-1976-0052: Volx - Volx (350 ha)
  Altitude: 372 m
  Perimeter: 2 communes impactées
    - Villeneuve: partiellement brûlée
    - Volx: partiellement brûlée

[229/537] fire-2017-0457: Manosque - Collines de Manosque (350 ha)
  Altitude: 390 m
  Perimeter: 1 communes impactées
    - Manosque: partiellement brûlée

[230/537] fire-2025-0530: Fréjus - Massif de lEstérel (350 ha)
  Altitude: 26 m
  Perimeter: 1 communes impactées
    - Fréjus: partiellement brûlée

[231/537] fire-1995-0239: Pierrefeu-du-Var - Pierrefeu-du-Var (349 ha)
  Altitude: 94 m
  Perimeter: 2 communes impactées
    - Crau: traversée
    - Pierrefeu-du-Var: partiellement brûlée

[232/537] fire-1986-0153: Grimaud - Grimaud (348 ha)
  Altitude: 78 m
  Perimeter: 2 communes impactées
    - Cogolin: traversée
    - Grimaud: partiellement brûlée

[233/537] fire-2003-0308: Rians - Rians (348 ha)
  Altitude: 384 m
  Perimeter: 1 communes impactées
    - Rians: partiellement brûlée

[234/537] fire-1990-0200: Digne-les-Bains - Digne-les-Bains (345 ha)
  Altitude: 609 m
  Perimeter: 1 communes impactées
    - Digne-les-Bains: partiellement brûlée

[235/537] fire-1978-0063: Grimaud - Grimaud (344 ha)
  Altitude: 78 m
  Perimeter: 2 communes impactées
    - Cogolin: traversée
    - Grimaud: partiellement brûlée

[236/537] fire-1992-0219: Le Castellet - Le Castellet (344 ha)
  Altitude: 402 m
  Perimeter: 3 communes impactées
    - Castellet: partiellement brûlée
    - Signes: traversée
    - Cuges-les-Pins: traversée

[237/537] fire-2012-0407: Quinson - Quinson (343 ha)
  Altitude: 375 m
  Perimeter: 2 communes impactées
    - Quinson: partiellement brûlée
    - Montmeyan: traversée

[238/537] fire-2006-0354: Sisteron - Sisteron (339 ha)
  Altitude: 483 m
  Perimeter: 1 communes impactées
    - Sisteron: partiellement brûlée

[239/537] fire-1973-0021: Ramatuelle - Ramatuelle (337 ha)
  Altitude: 61 m
  Perimeter: 2 communes impactées
    - Croix-Valmer: partiellement brûlée
    - Ramatuelle: traversée

[240/537] fire-1985-0128: Cuers - Cuers (337 ha)
  Altitude: 122 m
  Perimeter: 1 communes impactées
    - Cuers: partiellement brûlée

[241/537] fire-1979-0072: Aiguines - Aiguines (334 ha)
  DEPT MISMATCH (commune): Alpes-de-Haute-Provence -> Var (commune Aiguines is in dept 83)
  Altitude: 696 m
  Perimeter: 1 communes impactées
    - Aiguines: partiellement brûlée

[242/537] fire-1992-0217: Villeneuve - Villeneuve (334 ha)
  Altitude: 423 m
  Perimeter: 2 communes impactées
    - Villeneuve: partiellement brûlée
    - Volx: traversée

[243/537] fire-2022-0514: Oraison - Oraison (334 ha)
  Altitude: 364 m
  Perimeter: 1 communes impactées
    - Oraison: partiellement brûlée

[244/537] fire-1979-0075: Valensole - Valensole (333 ha)
  Altitude: 559 m
  Perimeter: 1 communes impactées
    - Valensole: partiellement brûlée

[245/537] fire-1986-0142: Esparron-de-Verdon - Esparron-de-Verdon (333 ha)
  Altitude: 418 m
  Perimeter: 1 communes impactées
    - Esparron-de-Verdon: partiellement brûlée

[246/537] fire-2018-0467: Pignans - Pignans (333 ha)
  Altitude: 170 m
  Perimeter: 2 communes impactées
    - Carnoules: traversée
    - Pignans: partiellement brûlée

[247/537] fire-1975-0044: Signes - Signes (332 ha)
  Altitude: 334 m
  Perimeter: 1 communes impactées
    - Signes: partiellement brûlée

[248/537] fire-1987-0155: Vidauban - Vidauban (331 ha)
  Altitude: 63 m
  Perimeter: 3 communes impactées
    - Arcs: traversée
    - Taradeau: traversée
    - Vidauban: partiellement brûlée

[249/537] fire-1980-0080: Bargemon - Bargemon (329 ha)
  Altitude: 468 m
  Perimeter: 2 communes impactées
    - Bargemon: partiellement brûlée
    - Claviers: traversée

[250/537] fire-1988-0165: Sainte-Tulle - Sainte-Tulle (327 ha)
  Altitude: 307 m
  Perimeter: 1 communes impactées
    - Sainte-Tulle: partiellement brûlée

[251/537] fire-1976-0050: Cuers - Cuers (326 ha)
  Altitude: 122 m
  Perimeter: 1 communes impactées
    - Cuers: partiellement brûlée

[252/537] fire-1989-0179: Rougon - Rougon (326 ha)
  Altitude: 957 m
  Perimeter: 2 communes impactées
    - Palud-sur-Verdon: traversée
    - Rougon: partiellement brûlée

[253/537] fire-2003-0309: Plan-de-la-Tour - Plan-de-la-Tour (326 ha)
  Altitude: 76 m
  Perimeter: 1 communes impactées
    - Plan-de-la-Tour: partiellement brûlée

[254/537] fire-1982-0097: Flassans-sur-Issole - Flassans-sur-Issole (322 ha)
  Altitude: 229 m
  Perimeter: 1 communes impactées
    - Flassans-sur-Issole: partiellement brûlée

[255/537] fire-1985-0134: Montauroux - Montauroux (320 ha)
  Altitude: 206 m
  Perimeter: 1 communes impactées
    - Montauroux: partiellement brûlée

[256/537] fire-1973-0020: Cogolin - Cogolin (317 ha)
  Altitude: 13 m
  Perimeter: 2 communes impactées
    - Cogolin: partiellement brûlée
    - Grimaud: traversée

[257/537] fire-1980-0085: Le Lavandou - Le Lavandou (315 ha)
  Altitude: 14 m
  Perimeter: 2 communes impactées
    - Bormes-les-Mimosas: traversée
    - Lavandou: partiellement brûlée

[258/537] fire-2016-0443: Les Arcs - Les Arcs (313 ha)
  Altitude: 83 m
  Perimeter: 1 communes impactées
    - Arcs: partiellement brûlée

[259/537] fire-2007-0368: Cavalaire-sur-Mer - Cavalaire-sur-Mer (312 ha)
  Altitude: 100 m
  Perimeter: 1 communes impactées
    - Cavalaire-sur-Mer: partiellement brûlée

[260/537] fire-2016-0441: Aups - Aups (312 ha)
  Altitude: 513 m
  Perimeter: 1 communes impactées
    - Aups: partiellement brûlée

[261/537] fire-2002-0294: Rians - Rians (310 ha)
  Altitude: 384 m
  Perimeter: 1 communes impactées
    - Rians: partiellement brûlée

[262/537] fire-1975-0043: Puget-sur-Argens - Puget-sur-Argens (309 ha)
  Altitude: 31 m
  Perimeter: 1 communes impactées
    - Puget-sur-Argens: partiellement brûlée

[263/537] fire-1973-0026: Valensole - Valensole (308 ha)
  Altitude: 559 m
  Perimeter: 1 communes impactées
    - Valensole: partiellement brûlée

[264/537] fire-1982-0106: Riez - Riez (308 ha)
  Altitude: 530 m
  Perimeter: 1 communes impactées
    - Riez: partiellement brûlée

[265/537] fire-2011-0395: Bargemon - Bargemon (308 ha)
  Altitude: 468 m
  Perimeter: 1 communes impactées
    - Bargemon: partiellement brûlée

[266/537] fire-1983-0109: Rougon - Rougon (307 ha)
  Altitude: 957 m
  Perimeter: 2 communes impactées
    - Palud-sur-Verdon: traversée
    - Rougon: partiellement brûlée

[267/537] fire-2007-0365: Rougon - Rougon (307 ha)
  Altitude: 957 m
  Perimeter: 2 communes impactées
    - Palud-sur-Verdon: traversée
    - Rougon: partiellement brûlée

[268/537] fire-2012-0406: Vidauban - Vidauban (305 ha)
  Altitude: 63 m
  Perimeter: 3 communes impactées
    - Arcs: traversée
    - Taradeau: traversée
    - Vidauban: partiellement brûlée

[269/537] fire-1991-0209: Sainte-Maxime - Sainte-Maxime (303 ha)
  Altitude: 7 m
  Perimeter: 1 communes impactées
    - Sainte-Maxime: partiellement brûlée

[270/537] fire-2009-0377: Plan-de-la-Tour - Plan-de-la-Tour (302 ha)
  Altitude: 76 m
  Perimeter: 1 communes impactées
    - Plan-de-la-Tour: partiellement brûlée

[271/537] fire-1986-0145: Les Mées - Les Mées (301 ha)
  Altitude: 413 m
  Perimeter: 1 communes impactées
    - Mées: partiellement brûlée

[272/537] fire-2000-0282: La Londe-les-Maures - La Londe-les-Maures (301 ha)
  Altitude: 3 m
  Perimeter: 2 communes impactées
    - Bormes-les-Mimosas: traversée
    - Londe-les-Maures: partiellement brûlée

[273/537] fire-2011-0398: Vinon-sur-Verdon - Vinon-sur-Verdon (301 ha)
  DEPT MISMATCH (commune): Alpes-de-Haute-Provence -> Var (commune Vinon-sur-Verdon is in dept 83)
  Altitude: 422 m
  Perimeter: 1 communes impactées
    - Vinon-sur-Verdon: partiellement brûlée

[274/537] fire-1974-0033: Moustiers-Sainte-Marie - Moustiers-Sainte-Marie (300 ha)
  Altitude: 729 m
  Perimeter: 1 communes impactées
    - Moustiers-Sainte-Marie: partiellement brûlée

[275/537] fire-1977-0057: Sainte-Tulle - Sainte-Tulle (300 ha)
  Altitude: 307 m
  Perimeter: 1 communes impactées
    - Sainte-Tulle: partiellement brûlée

[276/537] fire-1996-0245: Collobrières - Collobrières (300 ha)
  Altitude: 637 m
  Perimeter: 2 communes impactées
    - Bormes-les-Mimosas: traversée
    - Collobrières: partiellement brûlée

[277/537] fire-1988-0168: Les Adrets-de-l'Estérel - Les Adrets-de-l'Estérel (299 ha)
  Altitude: 306 m
  Perimeter: 2 communes impactées
    - Adrets-de-l'Estérel: partiellement brûlée
    - Fréjus: traversée

[278/537] fire-2013-0412: Saint-Raphaël - Saint-Raphaël (297 ha)
  Altitude: 0 m
  Perimeter: 2 communes impactées
    - Fréjus: traversée
    - Saint-Raphaël: traversée

[279/537] fire-2017-0445: Rougon - Rougon (297 ha)
  Altitude: 957 m
  Perimeter: 2 communes impactées
    - Palud-sur-Verdon: traversée
    - Rougon: partiellement brûlée

[280/537] fire-1999-0271: Les Mées - Les Mées (295 ha)
  Altitude: 413 m
  Perimeter: 1 communes impactées
    - Mées: partiellement brûlée

[281/537] fire-2003-0326: Lorgues - Lorgues (295 ha)
  Altitude: 191 m
  Perimeter: 1 communes impactées
    - Lorgues: partiellement brûlée

[282/537] fire-2021-0494: Barrême - Barrême (294 ha)
  Altitude: 729 m
  Perimeter: 2 communes impactées
    - Barrême: partiellement brûlée
    - Saint-Jacques: traversée

[283/537] fire-1983-0115: Esparron-de-Verdon - Esparron-de-Verdon (293 ha)
  Altitude: 418 m
  Perimeter: 1 communes impactées
    - Esparron-de-Verdon: partiellement brûlée

[284/537] fire-1982-0103: La Londe-les-Maures - La Londe-les-Maures (292 ha)
  Altitude: 3 m
  Perimeter: 2 communes impactées
    - Bormes-les-Mimosas: traversée
    - Londe-les-Maures: partiellement brûlée

[285/537] fire-1981-0093: Pierrefeu-du-Var - Pierrefeu-du-Var (291 ha)
  Altitude: 94 m
  Perimeter: 2 communes impactées
    - Crau: traversée
    - Pierrefeu-du-Var: partiellement brûlée

[286/537] fire-1982-0105: Lorgues - Lorgues (291 ha)
  Altitude: 191 m
  Perimeter: 1 communes impactées
    - Lorgues: partiellement brûlée

[287/537] fire-2007-0369: Roquebrune-sur-Argens - Roquebrune-sur-Argens (290 ha)
  Altitude: 13 m
  Perimeter: 1 communes impactées
    - Roquebrune-sur-Argens: partiellement brûlée

[288/537] fire-2018-0460: Vinon-sur-Verdon - Vinon-sur-Verdon (287 ha)
  DEPT MISMATCH (commune): Alpes-de-Haute-Provence -> Var (commune Vinon-sur-Verdon is in dept 83)
  Altitude: 383 m
  Perimeter: 3 communes impactées
    - Gréoux-les-Bains: traversée
    - Vinon-sur-Verdon: partiellement brûlée
    - Saint-Julien: traversée

[289/537] fire-1975-0042: Pignans - Pignans (286 ha)
  Altitude: 170 m
  Perimeter: 2 communes impactées
    - Carnoules: traversée
    - Pignans: partiellement brûlée

[290/537] fire-2006-0352: Ramatuelle - Ramatuelle (286 ha)
  Altitude: 61 m
  Perimeter: 2 communes impactées
    - Croix-Valmer: partiellement brûlée
    - Ramatuelle: traversée

[291/537] fire-1978-0064: Riez - Riez (281 ha)
  Altitude: 530 m
  Perimeter: 1 communes impactées
    - Riez: partiellement brûlée

[292/537] fire-2001-0289: Le Muy - Le Muy (281 ha)
  Altitude: 40 m
  Perimeter: 1 communes impactées
    - Muy: partiellement brûlée

[293/537] fire-2015-0432: Signes - Signes (281 ha)
  Altitude: 334 m
  Perimeter: 1 communes impactées
    - Signes: partiellement brûlée

[294/537] fire-2005-0335: Majastres - Majastres (280 ha)
  Altitude: 1149 m
  Perimeter: 2 communes impactées
    - Majastres: partiellement brûlée
    - Senez: traversée

[295/537] fire-2014-0417: Cavalaire-sur-Mer - Cavalaire-sur-Mer (280 ha)
  Altitude: 100 m
  Perimeter: 1 communes impactées
    - Cavalaire-sur-Mer: partiellement brûlée

[296/537] fire-2015-0426: Rougon - Rougon (278 ha)
  Altitude: 957 m
  Perimeter: 2 communes impactées
    - Palud-sur-Verdon: traversée
    - Rougon: partiellement brûlée

[297/537] fire-2015-0427: Villeneuve - Villeneuve (278 ha)
  Altitude: 423 m
  Perimeter: 1 communes impactées
    - Villeneuve: partiellement brûlée

[298/537] fire-1973-0022: Tanneron - Tanneron (277 ha)
  Altitude: 374 m
  Perimeter: 1 communes impactées
    - Tanneron: partiellement brûlée

[299/537] fire-1975-0035: Sainte-Tulle - Sainte-Tulle (277 ha)
  Altitude: 307 m
  Perimeter: 1 communes impactées
    - Sainte-Tulle: partiellement brûlée

[300/537] fire-2020-0478: Cavalaire-sur-Mer - Cavalaire-sur-Mer (275 ha)
  Altitude: 100 m
  Perimeter: 1 communes impactées
    - Cavalaire-sur-Mer: partiellement brûlée

[301/537] fire-2013-0410: Digne-les-Bains - Digne-les-Bains (273 ha)
  Altitude: 609 m
  Perimeter: 1 communes impactées
    - Digne-les-Bains: partiellement brûlée

[302/537] fire-2017-0449: Fréjus - Fréjus (271 ha)
  Altitude: 10 m
  Perimeter: 1 communes impactées
    - Fréjus: partiellement brûlée

[303/537] fire-2018-0461: Flassans-sur-Issole - Flassans-sur-Issole (270 ha)
  Altitude: 229 m
  Perimeter: 1 communes impactées
    - Flassans-sur-Issole: partiellement brûlée

[304/537] fire-1988-0167: Flassans-sur-Issole - Flassans-sur-Issole (269 ha)
  Altitude: 229 m
  Perimeter: 1 communes impactées
    - Flassans-sur-Issole: partiellement brûlée

[305/537] fire-2013-0413: Sainte-Croix-du-Verdon - Sainte-Croix-du-Verdon (269 ha)
  COORD WARNING: (43.734900, 6.128200) in Var but commune Sainte-Croix-du-Verdon is in Alpes-de-Haute-Provence
  Altitude: 527 m
  Perimeter: 3 communes impactées
    - Montagnac-Montpezat: traversée
    - Sainte-Croix-du-Verdon: partiellement brûlée
    - Baudinard-sur-Verdon: partiellement brûlée

[306/537] fire-1977-0055: Bormes-les-Mimosas - Bormes-les-Mimosas (268 ha)
  Altitude: 170 m
  Perimeter: 1 communes impactées
    - Bormes-les-Mimosas: partiellement brûlée

[307/537] fire-1986-0143: Gréoux-les-Bains - Gréoux-les-Bains (266 ha)
  Altitude: 364 m
  Perimeter: 1 communes impactées
    - Gréoux-les-Bains: partiellement brûlée

[308/537] fire-2000-0273: Pignans - Pignans (265 ha)
  Altitude: 170 m
  Perimeter: 2 communes impactées
    - Carnoules: traversée
    - Pignans: partiellement brûlée

[309/537] fire-2010-0392: Saint-André-les-Alpes - Saint-André-les-Alpes (265 ha)
  Altitude: 1080 m
  Perimeter: 2 communes impactées
    - Moriez: partiellement brûlée
    - Saint-André-les-Alpes: traversée

[310/537] fire-2000-0283: Corbières-en-Provence - Corbières-en-Provence (262 ha)
  Altitude: 261 m
  Perimeter: 1 communes impactées
    - Corbières: partiellement brûlée

[311/537] fire-2006-0348: Sainte-Tulle - Sainte-Tulle (261 ha)
  Altitude: 307 m
  Perimeter: 1 communes impactées
    - Sainte-Tulle: partiellement brûlée

[312/537] fire-2010-0388: Valensole - Valensole (260 ha)
  Altitude: 559 m
  Perimeter: 1 communes impactées
    - Valensole: partiellement brûlée

[313/537] fire-1986-0139: Comps-sur-Artuby - Comps-sur-Artuby (258 ha)
  Altitude: 900 m
  Perimeter: 1 communes impactées
    - Comps-sur-Artuby: partiellement brûlée

[314/537] fire-2022-0512: Sainte-Tulle - Sainte-Tulle (258 ha)
  Altitude: 307 m
  Perimeter: 1 communes impactées
    - Sainte-Tulle: partiellement brûlée

[315/537] fire-2024-0526: Le Castellet - Le Castellet (258 ha)
  Altitude: 402 m
  Perimeter: 2 communes impactées
    - Castellet: partiellement brûlée
    - Cuges-les-Pins: traversée

[316/537] fire-2012-0404: Esparron-de-Verdon - Esparron-de-Verdon (257 ha)
  Altitude: 418 m
  Perimeter: 1 communes impactées
    - Esparron-de-Verdon: partiellement brûlée

[317/537] fire-1993-0223: Callas - Callas (256 ha)
  Altitude: 300 m
  Perimeter: 2 communes impactées
    - Callas: partiellement brûlée
    - Claviers: traversée

[318/537] fire-2016-0438: Les Adrets-de-l'Estérel - Les Adrets-de-l'Estérel (256 ha)
  Altitude: 306 m
  Perimeter: 1 communes impactées
    - Adrets-de-l'Estérel: partiellement brûlée

[319/537] fire-2007-0357: Fréjus - Fréjus (255 ha)
  Altitude: 10 m
  Perimeter: 1 communes impactées
    - Fréjus: partiellement brûlée

[320/537] fire-2014-0421: Fayence - Fayence (255 ha)
  Altitude: 299 m
  Perimeter: 2 communes impactées
    - Fayence: partiellement brûlée
    - Tourrettes: traversée

[321/537] fire-2022-0503: Aups - Aups (255 ha)
  Altitude: 513 m
  Perimeter: 1 communes impactées
    - Aups: partiellement brûlée

[322/537] fire-1974-0027: Le Castellet - Le Castellet (254 ha)
  Altitude: 402 m
  Perimeter: 2 communes impactées
    - Castellet: partiellement brûlée
    - Cuges-les-Pins: traversée

[323/537] fire-1986-0151: Hyères - Hyères (254 ha)
  Altitude: 21 m
  Perimeter: 1 communes impactées
    - Hyères: partiellement brûlée

[324/537] fire-1983-0111: Draguignan - Draguignan (252 ha)
  Altitude: 183 m
  Perimeter: 1 communes impactées
    - Draguignan: partiellement brûlée

[325/537] fire-1993-0224: Gonfaron - Gonfaron (250 ha)
  Altitude: 187 m
  Perimeter: 2 communes impactées
    - Gonfaron: partiellement brûlée
    - Pignans: traversée

[326/537] fire-2005-0346: Le Lavandou - Le Lavandou (250 ha)
  Altitude: 14 m
  Perimeter: 2 communes impactées
    - Bormes-les-Mimosas: traversée
    - Lavandou: partiellement brûlée

[327/537] fire-2021-0491: Rougon - Gorges du Verdon (250 ha)
  COORD WARNING: (43.737000, 6.172000) in Var but commune Rougon is in Alpes-de-Haute-Provence
  Altitude: 475 m
  Perimeter: 1 communes impactées
    - Bauduen: partiellement brûlée

[328/537] fire-2021-0499: Bormes-les-Mimosas - Bormes-les-Mimosas (250 ha)
  Altitude: 170 m
  Perimeter: 1 communes impactées
    - Bormes-les-Mimosas: partiellement brûlée

[329/537] fire-1976-0053: Vidauban - Vidauban (248 ha)
  Altitude: 63 m
  Perimeter: 3 communes impactées
    - Arcs: traversée
    - Taradeau: traversée
    - Vidauban: partiellement brûlée

[330/537] fire-1982-0104: Les Mayons - Les Mayons (248 ha)
  Altitude: 147 m
  Perimeter: 1 communes impactées
    - Mayons: partiellement brûlée

[331/537] fire-1976-0049: Hyères - Hyères (247 ha)
  Altitude: 21 m
  Perimeter: 1 communes impactées
    - Hyères: partiellement brûlée

[332/537] fire-1981-0089: La Croix-Valmer - La Croix-Valmer (247 ha)
  Altitude: 103 m
  Perimeter: 2 communes impactées
    - Croix-Valmer: partiellement brûlée
    - Gassin: traversée

[333/537] fire-2022-0505: Le Lavandou - Le Lavandou (247 ha)
  Altitude: 14 m
  Perimeter: 1 communes impactées
    - Lavandou: partiellement brûlée

[334/537] fire-2006-0353: Le Muy - Le Muy (246 ha)
  Altitude: 40 m
  Perimeter: 1 communes impactées
    - Muy: partiellement brûlée

[335/537] fire-2017-0448: Allemagne-en-Provence - Allemagne-en-Provence (244 ha)
  Altitude: 428 m
  Perimeter: 2 communes impactées
    - Allemagne-en-Provence: partiellement brûlée
    - Saint-Martin-de-Brômes: traversée

[336/537] fire-1984-0123: Villeneuve - Villeneuve (241 ha)
  Altitude: 423 m
  Perimeter: 1 communes impactées
    - Villeneuve: partiellement brûlée

[337/537] fire-2009-0384: Oraison - Oraison (241 ha)
  Altitude: 364 m
  Perimeter: 1 communes impactées
    - Oraison: partiellement brûlée

[338/537] fire-2003-0301: La Môle - La Môle (237 ha)
  Altitude: 36 m
  Perimeter: 3 communes impactées
    - Bormes-les-Mimosas: partiellement brûlée
    - Lavandou: traversée
    - Môle: traversée

[339/537] fire-1980-0084: Fayence - Fayence (232 ha)
  Altitude: 299 m
  Perimeter: 2 communes impactées
    - Fayence: partiellement brûlée
    - Tourrettes: traversée

[340/537] fire-1982-0102: Saint-Raphaël - Saint-Raphaël (232 ha)
  Altitude: 0 m
  Perimeter: 2 communes impactées
    - Fréjus: traversée
    - Saint-Raphaël: traversée

[341/537] fire-1990-0193: Aiguines - Aiguines (232 ha)
  DEPT MISMATCH (commune): Alpes-de-Haute-Provence -> Var (commune Aiguines is in dept 83)
  Altitude: 573 m
  Perimeter: 2 communes impactées
    - Aiguines: partiellement brûlée
    - Salles-sur-Verdon: traversée

[342/537] fire-2019-0472: Pignans - Pignans (232 ha)
  Altitude: 170 m
  Perimeter: 2 communes impactées
    - Carnoules: traversée
    - Pignans: partiellement brûlée

[343/537] fire-1986-0140: Lorgues - Lorgues (231 ha)
  Altitude: 191 m
  Perimeter: 1 communes impactées
    - Lorgues: partiellement brûlée

[344/537] fire-1994-0236: La Garde-Freinet - La Garde-Freinet (230 ha)
  Altitude: 326 m
  Perimeter: 1 communes impactées
    - Garde-Freinet: partiellement brûlée

[345/537] fire-2001-0290: Peyruis - Peyruis (228 ha)
  Altitude: 403 m
  Perimeter: 1 communes impactées
    - Peyruis: partiellement brûlée

[346/537] fire-2023-0515: Cogolin - Cogolin (228 ha)
  Altitude: 13 m
  Perimeter: 2 communes impactées
    - Cogolin: partiellement brûlée
    - Grimaud: traversée

[347/537] fire-1988-0170: Cavalaire-sur-Mer - Cavalaire-sur-Mer (225 ha)
  Altitude: 100 m
  Perimeter: 1 communes impactées
    - Cavalaire-sur-Mer: partiellement brûlée

[348/537] fire-1990-0203: Pierrefeu-du-Var - Pierrefeu-du-Var (223 ha)
  Altitude: 94 m
  Perimeter: 2 communes impactées
    - Crau: traversée
    - Pierrefeu-du-Var: partiellement brûlée

[349/537] fire-2011-0393: Comps-sur-Artuby - Comps-sur-Artuby (223 ha)
  Altitude: 900 m
  Perimeter: 1 communes impactées
    - Comps-sur-Artuby: partiellement brûlée

[350/537] fire-2024-0528: Digne-les-Bains - Digne-les-Bains (222 ha)
  Altitude: 609 m
  Perimeter: 1 communes impactées
    - Digne-les-Bains: partiellement brûlée

[351/537] fire-1974-0031: Le Castellet - Le Castellet (221 ha)
  Altitude: 402 m
  Perimeter: 2 communes impactées
    - Castellet: partiellement brûlée
    - Cuges-les-Pins: traversée

[352/537] fire-1978-0067: Villeneuve - Villeneuve (219 ha)
  Altitude: 423 m
  Perimeter: 1 communes impactées
    - Villeneuve: partiellement brûlée

[353/537] fire-2018-0462: Les Arcs - Les Arcs (219 ha)
  Altitude: 83 m
  Perimeter: 1 communes impactées
    - Arcs: partiellement brûlée

[354/537] fire-2019-0475: Le Lavandou - Le Lavandou (219 ha)
  Altitude: 14 m
  Perimeter: 1 communes impactées
    - Lavandou: partiellement brûlée

[355/537] fire-1997-0253: Tourves - Tourves (218 ha)
  Altitude: 286 m
  Perimeter: 1 communes impactées
    - Tourves: partiellement brûlée

[356/537] fire-1974-0029: Cuers - Cuers (217 ha)
  Altitude: 122 m
  Perimeter: 1 communes impactées
    - Cuers: partiellement brûlée

[357/537] fire-2007-0370: Plan-de-la-Tour - Plan-de-la-Tour (217 ha)
  Altitude: 76 m
  Perimeter: 1 communes impactées
    - Plan-de-la-Tour: partiellement brûlée

[358/537] fire-1986-0152: Brignoles - Brignoles (216 ha)
  Altitude: 219 m
  Perimeter: 1 communes impactées
    - Brignoles: partiellement brûlée

[359/537] fire-2018-0463: Villeneuve - Villeneuve (213 ha)
  Altitude: 423 m
  Perimeter: 1 communes impactées
    - Villeneuve: partiellement brûlée

[360/537] fire-1998-0258: Brignoles - Brignoles (212 ha)
  Altitude: 219 m
  Perimeter: 1 communes impactées
    - Brignoles: partiellement brûlée

[361/537] fire-1973-0017: Pignans - Pignans (210 ha)
  Altitude: 170 m
  Perimeter: 2 communes impactées
    - Carnoules: traversée
    - Pignans: partiellement brûlée

[362/537] fire-1984-0124: Vinon-sur-Verdon - Vinon-sur-Verdon (209 ha)
  DEPT MISMATCH (commune): Alpes-de-Haute-Provence -> Var (commune Vinon-sur-Verdon is in dept 83)
  Altitude: 399 m
  Perimeter: 2 communes impactées
    - Gréoux-les-Bains: traversée
    - Vinon-sur-Verdon: partiellement brûlée

[363/537] fire-2017-0447: Les Mées - Les Mées (207 ha)
  Altitude: 413 m
  Perimeter: 1 communes impactées
    - Mées: partiellement brûlée

[364/537] fire-1998-0261: Rians - Rians (205 ha)
  Altitude: 384 m
  Perimeter: 1 communes impactées
    - Rians: partiellement brûlée

[365/537] fire-2005-0339: La Garde-Freinet - La Garde-Freinet (205 ha)
  Altitude: 326 m
  Perimeter: 1 communes impactées
    - Garde-Freinet: partiellement brûlée

[366/537] fire-2012-0400: Grimaud - Grimaud (204 ha)
  Altitude: 78 m
  Perimeter: 2 communes impactées
    - Cogolin: traversée
    - Grimaud: partiellement brûlée

[367/537] fire-1995-0240: Rougon - Rougon (203 ha)
  Altitude: 957 m
  Perimeter: 2 communes impactées
    - Palud-sur-Verdon: traversée
    - Rougon: partiellement brûlée

[368/537] fire-1977-0056: La Croix-Valmer - La Croix-Valmer (202 ha)
  Altitude: 103 m
  Perimeter: 2 communes impactées
    - Croix-Valmer: partiellement brûlée
    - Gassin: traversée

[369/537] fire-2000-0272: Flassans-sur-Issole - Flassans-sur-Issole (200 ha)
  Altitude: 229 m
  Perimeter: 1 communes impactées
    - Flassans-sur-Issole: partiellement brûlée

[370/537] fire-2016-0437: Cuers - Cuers (200 ha)
  Altitude: 122 m
  Perimeter: 1 communes impactées
    - Cuers: partiellement brûlée

[371/537] fire-2025-0536: Bormes-les-Mimosas - Massif des Maures (200 ha)
  Altitude: 342 m
  Perimeter: 1 communes impactées
    - Mayons: partiellement brûlée

[372/537] fire-2011-0396: La Palud-sur-Verdon - La Palud-sur-Verdon (199 ha)
  Altitude: 1122 m
  Perimeter: 2 communes impactées
    - Palud-sur-Verdon: partiellement brûlée
    - Rougon: traversée

[373/537] fire-1980-0083: Collobrières - Collobrières (198 ha)
  Altitude: 637 m
  Perimeter: 2 communes impactées
    - Bormes-les-Mimosas: traversée
    - Collobrières: partiellement brûlée

[374/537] fire-2000-0279: Les Arcs - Les Arcs (198 ha)
  Altitude: 83 m
  Perimeter: 1 communes impactées
    - Arcs: partiellement brûlée

[375/537] fire-2007-0356: Corbières-en-Provence - Corbières-en-Provence (198 ha)
  Altitude: 266 m
  Perimeter: 4 communes impactées
    - Corbières: partiellement brûlée
    - Gréoux-les-Bains: traversée
    - Sainte-Tulle: traversée
    - Vinon-sur-Verdon: traversée

[376/537] fire-1984-0120: Puget-sur-Argens - Puget-sur-Argens (197 ha)
  Altitude: 31 m
  Perimeter: 1 communes impactées
    - Puget-sur-Argens: partiellement brûlée

[377/537] fire-2000-0275: Flassans-sur-Issole - Flassans-sur-Issole (197 ha)
  Altitude: 229 m
  Perimeter: 1 communes impactées
    - Flassans-sur-Issole: partiellement brûlée

[378/537] fire-1982-0095: Cuers - Cuers (195 ha)
  Altitude: 122 m
  Perimeter: 1 communes impactées
    - Cuers: partiellement brûlée

[379/537] fire-1987-0161: Hyères - Hyères (194 ha)
  Altitude: 21 m
  Perimeter: 1 communes impactées
    - Hyères: partiellement brûlée

[380/537] fire-2016-0436: Bargemon - Bargemon (194 ha)
  Altitude: 468 m
  Perimeter: 1 communes impactées
    - Bargemon: partiellement brûlée

[381/537] fire-1983-0110: Cogolin - Cogolin (192 ha)
  Altitude: 13 m
  Perimeter: 2 communes impactées
    - Cogolin: partiellement brûlée
    - Grimaud: traversée

[382/537] fire-2000-0284: Signes - Signes (191 ha)
  Altitude: 334 m
  Perimeter: 1 communes impactées
    - Signes: partiellement brûlée

[383/537] fire-2020-0477: La Palud-sur-Verdon - La Palud-sur-Verdon (188 ha)
  Altitude: 1015 m
  Perimeter: 1 communes impactées
    - Palud-sur-Verdon: partiellement brûlée

[384/537] fire-1983-0118: Sainte-Maxime - Sainte-Maxime (186 ha)
  Altitude: 7 m
  Perimeter: 1 communes impactées
    - Sainte-Maxime: partiellement brûlée

[385/537] fire-2007-0362: Villeneuve - Villeneuve (186 ha)
  Altitude: 423 m
  Perimeter: 1 communes impactées
    - Villeneuve: partiellement brûlée

[386/537] fire-2002-0298: La Palud-sur-Verdon - La Palud-sur-Verdon (184 ha)
  Altitude: 1349 m
  Perimeter: 1 communes impactées
    - Palud-sur-Verdon: partiellement brûlée

[387/537] fire-2015-0431: Roquebrune-sur-Argens - Roquebrune-sur-Argens (184 ha)
  Altitude: 13 m
  Perimeter: 1 communes impactées
    - Roquebrune-sur-Argens: partiellement brûlée

[388/537] fire-2015-0433: La Palud-sur-Verdon - La Palud-sur-Verdon (184 ha)
  Altitude: 1391 m
  Perimeter: 1 communes impactées
    - Palud-sur-Verdon: partiellement brûlée

[389/537] fire-1998-0260: Puget-sur-Argens - Puget-sur-Argens (182 ha)
  Altitude: 31 m
  Perimeter: 1 communes impactées
    - Puget-sur-Argens: partiellement brûlée

[390/537] fire-2022-0508: La Palud-sur-Verdon - La Palud-sur-Verdon (181 ha)
  Altitude: 1201 m
  Perimeter: 1 communes impactées
    - Palud-sur-Verdon: partiellement brûlée

[391/537] fire-1990-0186: Sainte-Maxime - Sainte-Maxime (180 ha)
  Altitude: 7 m
  Perimeter: 1 communes impactées
    - Sainte-Maxime: partiellement brûlée

[392/537] fire-2025-0532: Gréoux-les-Bains - Plateau de Valensole (180 ha)
  Altitude: 366 m
  Perimeter: 1 communes impactées
    - Gréoux-les-Bains: partiellement brûlée

[393/537] fire-2025-0533: Le Luc - Plaine des Maures (180 ha)
  Altitude: 179 m
  Perimeter: 1 communes impactées
    - Luc: partiellement brûlée

[394/537] fire-1990-0201: Flassans-sur-Issole - Flassans-sur-Issole (179 ha)
  Altitude: 229 m
  Perimeter: 1 communes impactées
    - Flassans-sur-Issole: partiellement brûlée

[395/537] fire-2003-0300: Rougon - Rougon (179 ha)
  Altitude: 957 m
  Perimeter: 1 communes impactées
    - Rougon: partiellement brûlée

[396/537] fire-2001-0291: Montauroux - Montauroux (178 ha)
  Altitude: 206 m
  Perimeter: 1 communes impactées
    - Montauroux: partiellement brûlée

[397/537] fire-2019-0470: Sisteron - Sisteron (178 ha)
  Altitude: 483 m
  Perimeter: 1 communes impactées
    - Sisteron: partiellement brûlée

[398/537] fire-1976-0048: Cogolin - Cogolin (177 ha)
  Altitude: 13 m
  Perimeter: 2 communes impactées
    - Cogolin: partiellement brûlée
    - Grimaud: traversée

[399/537] fire-1985-0129: Barrême - Barrême (175 ha)
  Altitude: 729 m
  Perimeter: 1 communes impactées
    - Barrême: partiellement brûlée

[400/537] fire-1990-0189: Le Castellet - Le Castellet (168 ha)
  Altitude: 402 m
  Perimeter: 1 communes impactées
    - Castellet: partiellement brûlée

[401/537] fire-2003-0325: Le Muy - Le Muy (168 ha)
  Altitude: 40 m
  Perimeter: 1 communes impactées
    - Muy: partiellement brûlée

[402/537] fire-2017-0453: Tanneron - Tanneron (167 ha)
  Altitude: 374 m
  Perimeter: 1 communes impactées
    - Tanneron: partiellement brûlée

[403/537] fire-2002-0297: Sainte-Croix-du-Verdon - Sainte-Croix-du-Verdon (166 ha)
  COORD WARNING: (43.731600, 6.178700) in Var but commune Sainte-Croix-du-Verdon is in Alpes-de-Haute-Provence
  Altitude: 472 m
  Perimeter: 1 communes impactées
    - Bauduen: partiellement brûlée

[404/537] fire-2010-0390: Sainte-Croix-du-Verdon - Sainte-Croix-du-Verdon (165 ha)
  Altitude: 539 m
  Perimeter: 3 communes impactées
    - Montagnac-Montpezat: partiellement brûlée
    - Sainte-Croix-du-Verdon: traversée
    - Baudinard-sur-Verdon: traversée

[405/537] fire-1997-0252: La Croix-Valmer - La Croix-Valmer (164 ha)
  Altitude: 103 m
  Perimeter: 2 communes impactées
    - Croix-Valmer: partiellement brûlée
    - Gassin: traversée

[406/537] fire-1996-0246: Digne-les-Bains - Digne-les-Bains (163 ha)
  Altitude: 609 m
  Perimeter: 1 communes impactées
    - Digne-les-Bains: partiellement brûlée

[407/537] fire-1975-0047: Quinson - Quinson (160 ha)
  Altitude: 375 m
  Perimeter: 2 communes impactées
    - Quinson: partiellement brûlée
    - Montmeyan: traversée

[408/537] fire-2015-0430: Allemagne-en-Provence - Allemagne-en-Provence (160 ha)
  Altitude: 428 m
  Perimeter: 2 communes impactées
    - Allemagne-en-Provence: partiellement brûlée
    - Saint-Martin-de-Brômes: traversée

[409/537] fire-1973-0023: Esparron-de-Verdon - Esparron-de-Verdon (159 ha)
  Altitude: 418 m
  Perimeter: 1 communes impactées
    - Esparron-de-Verdon: partiellement brûlée

[410/537] fire-1986-0144: Le Castellet - Le Castellet (159 ha)
  Altitude: 402 m
  Perimeter: 1 communes impactées
    - Castellet: partiellement brûlée

[411/537] fire-2003-0306: Fayence - Fayence (158 ha)
  Altitude: 299 m
  Perimeter: 2 communes impactées
    - Fayence: partiellement brûlée
    - Tourrettes: traversée

[412/537] fire-2007-0367: Sainte-Maxime - Sainte-Maxime (158 ha)
  Altitude: 7 m
  Perimeter: 1 communes impactées
    - Sainte-Maxime: partiellement brûlée

[413/537] fire-2014-0419: Brignoles - Brignoles (156 ha)
  Altitude: 219 m
  Perimeter: 1 communes impactées
    - Brignoles: partiellement brûlée

[414/537] fire-1990-0192: Saint-Raphaël - Saint-Raphaël (155 ha)
  Altitude: 0 m
  Perimeter: 2 communes impactées
    - Fréjus: traversée
    - Saint-Raphaël: traversée

[415/537] fire-1994-0235: Comps-sur-Artuby - Comps-sur-Artuby (154 ha)
  Altitude: 900 m
  Perimeter: 1 communes impactées
    - Comps-sur-Artuby: partiellement brûlée

[416/537] fire-2003-0313: Cuers - Cuers (154 ha)
  Altitude: 122 m
  Perimeter: 1 communes impactées
    - Cuers: partiellement brûlée

[417/537] fire-2014-0416: Oraison - Oraison (153 ha)
  Altitude: 364 m
  Perimeter: 1 communes impactées
    - Oraison: partiellement brûlée

[418/537] fire-1999-0265: Plan-de-la-Tour - Plan-de-la-Tour (152 ha)
  Altitude: 76 m
  Perimeter: 1 communes impactées
    - Plan-de-la-Tour: partiellement brûlée

[419/537] fire-2018-0465: Puget-sur-Argens - Puget-sur-Argens (150 ha)
  Altitude: 31 m
  Perimeter: 1 communes impactées
    - Puget-sur-Argens: partiellement brûlée

[420/537] fire-2025-0531: La Garde-Freinet - Massif des Maures (150 ha)
  Altitude: 342 m
  Perimeter: 1 communes impactées
    - Mayons: partiellement brûlée

[421/537] fire-1990-0198: La Môle - La Môle (149 ha)
  Altitude: 36 m
  Perimeter: 2 communes impactées
    - Bormes-les-Mimosas: partiellement brûlée
    - Lavandou: traversée

[422/537] fire-2020-0479: Collobrières - Collobrières (149 ha)
  Altitude: 637 m
  Perimeter: 2 communes impactées
    - Bormes-les-Mimosas: traversée
    - Collobrières: partiellement brûlée

[423/537] fire-1994-0229: Le Lavandou - Le Lavandou (148 ha)
  Altitude: 14 m
  Perimeter: 1 communes impactées
    - Lavandou: partiellement brûlée

[424/537] fire-1995-0238: Digne-les-Bains - Digne-les-Bains (147 ha)
  Altitude: 609 m
  Perimeter: 1 communes impactées
    - Digne-les-Bains: partiellement brûlée

[425/537] fire-1981-0086: Comps-sur-Artuby - Comps-sur-Artuby (145 ha)
  Altitude: 900 m
  Perimeter: 1 communes impactées
    - Comps-sur-Artuby: partiellement brûlée

[426/537] fire-1984-0119: Gonfaron - Gonfaron (145 ha)
  Altitude: 187 m
  Perimeter: 1 communes impactées
    - Gonfaron: partiellement brûlée

[427/537] fire-1985-0130: Villeneuve - Villeneuve (144 ha)
  Altitude: 423 m
  Perimeter: 1 communes impactées
    - Villeneuve: partiellement brûlée

[428/537] fire-2022-0509: Les Mayons - Les Mayons (142 ha)
  Altitude: 147 m
  Perimeter: 1 communes impactées
    - Mayons: partiellement brûlée

[429/537] fire-2016-0442: Lorgues - Lorgues (141 ha)
  Altitude: 191 m
  Perimeter: 1 communes impactées
    - Lorgues: partiellement brûlée

[430/537] fire-2023-0516: Hyères - Hyères (141 ha)
  Altitude: 21 m
  Perimeter: 1 communes impactées
    - Hyères: partiellement brûlée

[431/537] fire-1997-0250: Bormes-les-Mimosas - Bormes-les-Mimosas (140 ha)
  Altitude: 170 m
  Perimeter: 1 communes impactées
    - Bormes-les-Mimosas: partiellement brûlée

[432/537] fire-2004-0329: Castellane - Castellane (140 ha)
  Altitude: 928 m
  Perimeter: 1 communes impactées
    - Castellane: partiellement brûlée

[433/537] fire-2010-0386: Cuers - Cuers (140 ha)
  Altitude: 122 m
  Perimeter: 1 communes impactées
    - Cuers: partiellement brûlée

[434/537] fire-1996-0243: Digne-les-Bains - Digne-les-Bains (137 ha)
  Altitude: 609 m
  Perimeter: 1 communes impactées
    - Digne-les-Bains: partiellement brûlée

[435/537] fire-1973-0024: Esparron-de-Verdon - Esparron-de-Verdon (133 ha)
  Altitude: 418 m
  Perimeter: 1 communes impactées
    - Esparron-de-Verdon: partiellement brûlée

[436/537] fire-1991-0210: Digne-les-Bains - Digne-les-Bains (133 ha)
  Altitude: 609 m
  Perimeter: 1 communes impactées
    - Digne-les-Bains: partiellement brûlée

[437/537] fire-2000-0278: Barrême - Barrême (133 ha)
  Altitude: 729 m
  Perimeter: 1 communes impactées
    - Barrême: partiellement brûlée

[438/537] fire-2024-0525: Sainte-Maxime - Sainte-Maxime (132 ha)
  Altitude: 7 m
  Perimeter: 1 communes impactées
    - Sainte-Maxime: partiellement brûlée

[439/537] fire-2022-0504: Digne-les-Bains - Digne-les-Bains (127 ha)
  Altitude: 609 m
  Perimeter: 1 communes impactées
    - Digne-les-Bains: partiellement brûlée

[440/537] fire-1982-0096: Saint-André-les-Alpes - Saint-André-les-Alpes (126 ha)
  Altitude: 1455 m
  Perimeter: 2 communes impactées
    - Moriez: traversée
    - Saint-André-les-Alpes: partiellement brûlée

[441/537] fire-2008-0371: Le Luc - Le Luc (126 ha)
  Altitude: 169 m
  Perimeter: 1 communes impactées
    - Luc: partiellement brûlée

[442/537] fire-1994-0232: Puget-sur-Argens - Puget-sur-Argens (125 ha)
  Altitude: 31 m
  Perimeter: 1 communes impactées
    - Puget-sur-Argens: partiellement brûlée

[443/537] fire-1978-0060: Flassans-sur-Issole - Flassans-sur-Issole (124 ha)
  Altitude: 229 m
  Perimeter: 1 communes impactées
    - Flassans-sur-Issole: partiellement brûlée

[444/537] fire-2007-0360: La Garde-Freinet - La Garde-Freinet (124 ha)
  Altitude: 326 m
  Perimeter: 1 communes impactées
    - Garde-Freinet: partiellement brûlée

[445/537] fire-1994-0231: Forcalquier - Forcalquier (122 ha)
  Altitude: 561 m
  Perimeter: 1 communes impactées
    - Forcalquier: partiellement brûlée

[446/537] fire-2004-0334: Cogolin - Cogolin (120 ha)
  Altitude: 13 m
  Perimeter: 2 communes impactées
    - Cogolin: partiellement brûlée
    - Grimaud: traversée

[447/537] fire-2025-0535: Valensole - Plateau de Valensole (120 ha)
  Altitude: 579 m
  Perimeter: 1 communes impactées
    - Valensole: partiellement brûlée

[448/537] fire-1981-0090: Majastres - Majastres (117 ha)
  Altitude: 1149 m
  Perimeter: 1 communes impactées
    - Majastres: partiellement brûlée

[449/537] fire-1989-0177: Saint-André-les-Alpes - Saint-André-les-Alpes (115 ha)
  Altitude: 995 m
  Perimeter: 1 communes impactées
    - Saint-André-les-Alpes: partiellement brûlée

[450/537] fire-1975-0036: Fréjus - Fréjus (110 ha)
  Altitude: 10 m
  Perimeter: 1 communes impactées
    - Fréjus: partiellement brûlée

[451/537] fire-1989-0171: Bargemon - Bargemon (110 ha)
  Altitude: 468 m
  Perimeter: 1 communes impactées
    - Bargemon: partiellement brûlée

[452/537] fire-2007-0366: Aiguines - Aiguines (109 ha)
  DEPT MISMATCH (commune): Alpes-de-Haute-Provence -> Var (commune Aiguines is in dept 83)
  Altitude: 475 m
  Perimeter: 2 communes impactées
    - Moustiers-Sainte-Marie: traversée
    - Aiguines: partiellement brûlée

[453/537] fire-1988-0163: Tourves - Tourves (105 ha)
  Altitude: 286 m
  Perimeter: 1 communes impactées
    - Tourves: partiellement brûlée

[454/537] fire-2003-0319: Allemagne-en-Provence - Allemagne-en-Provence (105 ha)
  Altitude: 428 m
  Perimeter: 1 communes impactées
    - Allemagne-en-Provence: partiellement brûlée

[455/537] fire-2004-0333: Saint-Raphaël - Saint-Raphaël (104 ha)
  Altitude: 0 m
  Perimeter: 2 communes impactées
    - Fréjus: traversée
    - Saint-Raphaël: traversée

[456/537] fire-2013-0415: Rougon - Rougon (104 ha)
  Altitude: 957 m
  Perimeter: 1 communes impactées
    - Rougon: partiellement brûlée

[457/537] fire-2016-0444: Manosque - Manosque (104 ha)
  Altitude: 354 m
  Perimeter: 1 communes impactées
    - Manosque: partiellement brûlée

[458/537] fire-1981-0094: Roquebrune-sur-Argens - Roquebrune-sur-Argens (102 ha)
  Altitude: 13 m
  Perimeter: 1 communes impactées
    - Roquebrune-sur-Argens: partiellement brûlée

[459/537] fire-2017-0459: Puget-sur-Argens - Puget-sur-Argens (102 ha)
  Altitude: 31 m
  Perimeter: 1 communes impactées
    - Puget-sur-Argens: partiellement brûlée

[460/537] fire-1974-0030: Corbières-en-Provence - Corbières-en-Provence (100 ha)
  Altitude: 379 m
  Perimeter: 3 communes impactées
    - Corbières: traversée
    - Sainte-Tulle: partiellement brûlée
    - Pierrevert: traversée

[461/537] fire-1985-0127: Les Mayons - Les Mayons (100 ha)
  Altitude: 147 m
  Perimeter: 1 communes impactées
    - Mayons: partiellement brûlée

[462/537] fire-1975-0046: Gonfaron - Gonfaron (99 ha)
  Altitude: 187 m

[463/537] fire-2002-0293: Le Luc - Le Luc (99 ha)
  Altitude: 169 m

[464/537] fire-2001-0286: Barrême - Barrême (98 ha)
  Altitude: 729 m

[465/537] fire-2004-0331: Pierrevert - Pierrevert (96 ha)
  Altitude: 425 m

[466/537] fire-2024-0523: Esparron-de-Verdon - Esparron-de-Verdon (96 ha)
  Altitude: 418 m

[467/537] fire-1987-0157: Volx - Volx (93 ha)
  Altitude: 372 m

[468/537] fire-2003-0327: Tanneron - Tanneron (91 ha)
  Altitude: 374 m

[469/537] fire-2023-0517: Allemagne-en-Provence - Allemagne-en-Provence (91 ha)
  Altitude: 428 m

[470/537] fire-1978-0061: Les Adrets-de-l'Estérel - Les Adrets-de-l'Estérel (90 ha)
  Altitude: 306 m

[471/537] fire-2011-0399: La Môle - La Môle (90 ha)
  Altitude: 36 m

[472/537] fire-2022-0510: Les Mayons - Les Mayons (90 ha)
  Altitude: 147 m

[473/537] fire-1989-0183: Bormes-les-Mimosas - Bormes-les-Mimosas (89 ha)
  Altitude: 170 m

[474/537] fire-2016-0440: Villeneuve - Villeneuve (88 ha)
  Altitude: 423 m

[475/537] fire-1986-0149: Montauroux - Montauroux (87 ha)
  Altitude: 206 m

[476/537] fire-1990-0202: Saint-Raphaël - Saint-Raphaël (87 ha)
  Altitude: 0 m

[477/537] fire-1993-0227: Le Cannet-des-Maures - Le Cannet-des-Maures (87 ha)
  Altitude: 82 m

[478/537] fire-1985-0133: Montauroux - Montauroux (86 ha)
  Altitude: 206 m

[479/537] fire-1982-0098: Manosque - Manosque (83 ha)
  Altitude: 329 m

[480/537] fire-2021-0485: Rians - Rians (83 ha)
  Altitude: 384 m

[481/537] fire-1982-0099: Les Mées - Les Mées (82 ha)
  Altitude: 413 m

[482/537] fire-2021-0487: Roquebrune-sur-Argens - Roquebrune-sur-Argens (81 ha)
  Altitude: 13 m

[483/537] fire-1993-0220: Le Luc - Le Luc (80 ha)
  Altitude: 169 m

[484/537] fire-2018-0466: Lorgues - Lorgues (80 ha)
  Altitude: 191 m

[485/537] fire-2000-0276: Oraison - Oraison (78 ha)
  Altitude: 364 m

[486/537] fire-1999-0266: Tanneron - Tanneron (75 ha)
  Altitude: 374 m

[487/537] fire-1988-0164: Sainte-Tulle - Sainte-Tulle (73 ha)
  Altitude: 307 m

[488/537] fire-1975-0038: Callas - Callas (71 ha)
  Altitude: 300 m

[489/537] fire-2014-0422: Roquebrune-sur-Argens - Roquebrune-sur-Argens (67 ha)
  Altitude: 13 m

[490/537] fire-2007-0363: Collobrières - Collobrières (65 ha)
  Altitude: 637 m

[491/537] fire-1990-0204: Castellane - Castellane (64 ha)
  Altitude: 927 m

[492/537] fire-2017-0452: Les Adrets-de-l'Estérel - Les Adrets-de-l'Estérel (64 ha)
  Altitude: 306 m

[493/537] fire-2006-0350: Cavalaire-sur-Mer - Cavalaire-sur-Mer (63 ha)
  Altitude: 100 m

[494/537] fire-1992-0216: Saint-Raphaël - Saint-Raphaël (62 ha)
  Altitude: 0 m

[495/537] fire-1973-0018: Collobrières - Collobrières (61 ha)
  Altitude: 637 m

[496/537] fire-1990-0194: Hyères - Hyères (60 ha)
  Altitude: 21 m

[497/537] fire-2015-0428: Saint-Raphaël - Saint-Raphaël (60 ha)
  Altitude: 0 m

[498/537] fire-1989-0172: Bargemon - Bargemon (59 ha)
  Altitude: 468 m

[499/537] fire-2023-0521: La Palud-sur-Verdon - La Palud-sur-Verdon (58 ha)
  Altitude: 877 m

[500/537] fire-2010-0387: Flassans-sur-Issole - Flassans-sur-Issole (57 ha)
  Altitude: 229 m

[501/537] fire-2022-0513: Fayence - Fayence (57 ha)
  Altitude: 299 m

[502/537] fire-1999-0268: Sainte-Croix-du-Verdon - Sainte-Croix-du-Verdon (55 ha)
  Altitude: 634 m

[503/537] fire-1978-0059: Brignoles - Brignoles (52 ha)
  Altitude: 219 m

[504/537] fire-2017-0454: Quinson - Quinson (52 ha)
  Altitude: 375 m

[505/537] fire-1989-0180: Rians - Rians (51 ha)
  Altitude: 384 m

[506/537] fire-2012-0403: Le Lavandou - Le Lavandou (51 ha)
  Altitude: 14 m

[507/537] fire-2021-0488: La Londe-les-Maures - La Londe-les-Maures (51 ha)
  Altitude: 3 m

[508/537] fire-1979-0073: Le Cannet-des-Maures - Le Cannet-des-Maures (49 ha)
  Altitude: 82 m

[509/537] fire-1990-0199: Les Adrets-de-l'Estérel - Les Adrets-de-l'Estérel (47 ha)
  Altitude: 306 m

[510/537] fire-2002-0299: Montauroux - Montauroux (47 ha)
  Altitude: 206 m

[511/537] fire-1990-0188: La Môle - La Môle (45 ha)
  Altitude: 36 m

[512/537] fire-2007-0355: Bormes-les-Mimosas - Bormes-les-Mimosas (44 ha)
  Altitude: 170 m

[513/537] fire-1974-0028: Saint-Raphaël - Saint-Raphaël (43 ha)
  Altitude: 0 m

[514/537] fire-1975-0041: Les Mayons - Les Mayons (40 ha)
  Altitude: 147 m

[515/537] fire-2009-0382: Fréjus - Fréjus (40 ha)
  Altitude: 10 m

[516/537] fire-2019-0471: Les Arcs - Les Arcs (39 ha)
  Altitude: 83 m

[517/537] fire-1991-0212: Sainte-Maxime - Sainte-Maxime (38 ha)
  Altitude: 7 m

[518/537] fire-1979-0071: Manosque - Manosque (33 ha)
  Altitude: 329 m

[519/537] fire-1997-0254: Valensole - Valensole (31 ha)
  Altitude: 559 m

[520/537] fire-2021-0497: Les Adrets-de-l'Estérel - Les Adrets-de-l'Estérel (30 ha)
  Altitude: 306 m

[521/537] fire-2009-0381: Forcalquier - Forcalquier (29 ha)
  Altitude: 561 m

[522/537] fire-2005-0344: Aiguines - Aiguines (28 ha)
  DEPT MISMATCH (commune): Alpes-de-Haute-Provence -> Var (commune Aiguines is in dept 83)
  Altitude: 998 m

[523/537] fire-2021-0484: Lorgues - Lorgues (23 ha)
  Altitude: 191 m

[524/537] fire-2021-0495: Signes - Signes (19 ha)
  Altitude: 334 m

[525/537] fire-1989-0182: Montauroux - Montauroux (17 ha)
  Altitude: 206 m

[526/537] fire-1992-0218: Castellane - Castellane (16 ha)

[527/537] fire-1993-0226: Bras-d'Asse - Bras-d'Asse (16 ha)
  Altitude: 754 m

[528/537] fire-2021-0492: Le Muy - Le Muy (16 ha)
  Altitude: 40 m

[529/537] fire-1989-0176: Ramatuelle - Ramatuelle (15 ha)
  Altitude: 61 m

[530/537] fire-1979-0077: Les Mayons - Les Mayons (13 ha)
  Altitude: 147 m

[531/537] fire-1979-0078: Pierrefeu-du-Var - Pierrefeu-du-Var (13 ha)
  Altitude: 94 m

[532/537] fire-1979-0068: Plan-de-la-Tour - Plan-de-la-Tour (12 ha)
  Altitude: 76 m

[533/537] fire-1989-0184: Lorgues - Lorgues (12 ha)
  Altitude: 191 m

[534/537] fire-1990-0205: Pignans - Pignans (12 ha)
  Altitude: 170 m

[535/537] fire-1979-0079: Fréjus - Fréjus (11 ha)
  Altitude: 10 m

[536/537] fire-2021-0493: Cuers - Cuers (11 ha)
  Altitude: 122 m

[537/537] fire-1989-0173: Tanneron - Tanneron (9 ha)
  Altitude: 374 m

Done! 537 fires written to /home/marco/kun-agent-workspace/projects/var-incendies/data/incendies_verified.json
